#
# A fatal error has been detected by the Java Runtime Environment:
#
#  EXCEPTION_ACCESS_VIOLATION (0xc0000005) at pc=0x00007ffd932ee0a9, pid=9184, tid=7532
#
# JRE version: OpenJDK Runtime Environment Microsoft-8035246 (17.0.8+7) (build 17.0.8+7-LTS)
# Java VM: OpenJDK 64-Bit Server VM Microsoft-8035246 (17.0.8+7-LTS, mixed mode, sharing, tiered, compressed oops, compressed class ptrs, g1 gc, windows-amd64)
# Problematic frame:
# V  [jvm.dll+0x2be0a9]
#
# No core dump will be written. Minidumps are not enabled by default on client versions of Windows
#
# If you would like to submit a bug report, please visit:
#   https://github.com/microsoft/openjdk/issues
#

---------------  S U M M A R Y ------------

Command Line: -XX:MaxMetaspaceSize=512m --add-opens=java.base/java.util=ALL-UNNAMED --add-opens=java.base/java.lang=ALL-UNNAMED --add-opens=java.base/java.lang.invoke=ALL-UNNAMED --add-opens=java.prefs/java.util.prefs=ALL-UNNAMED --add-opens=java.base/java.nio.charset=ALL-UNNAMED --add-opens=java.base/java.net=ALL-UNNAMED --add-opens=java.base/java.util.concurrent.atomic=ALL-UNNAMED -Xmx2048m -Dfile.encoding=windows-1252 -Duser.country=US -Duser.language=en -Duser.variant -javaagent:C:\Users\Hassan Shah\.gradle\wrapper\dists\gradle-8.3-all\6en3ugtfdg5xnpx44z4qbwgas\gradle-8.3\lib\agents\gradle-instrumentation-agent-8.3.jar org.gradle.launcher.daemon.bootstrap.GradleDaemon 8.3

Host: Intel(R) Core(TM) i7-3520M CPU @ 2.90GHz, 4 cores, 5G,  Windows 10 , 64 bit Build 19041 (10.0.19041.3636)
Time: Fri Jan 19 21:18:00 2024 Pakistan Standard Time elapsed time: 121.250961 seconds (0d 0h 2m 1s)

---------------  T H R E A D  ---------------

Current thread (0x000001c621206510):  JavaThread "C2 CompilerThread0" daemon [_thread_in_native, id=7532, stack(0x000000731e800000,0x000000731e900000)]


Current CompileTask:
C2: 121251 16303   !   4       org.gradle.cache.internal.DefaultMultiProcessSafeIndexedCache::getIfPresent (25 bytes)

Stack: [0x000000731e800000,0x000000731e900000],  sp=0x000000731e8fb3c0,  free space=1004k
Native frames: (J=compiled Java code, j=interpreted, Vv=VM code, C=native code)
V  [jvm.dll+0x2be0a9]
V  [jvm.dll+0x21ba8b]
V  [jvm.dll+0x21944b]
V  [jvm.dll+0x1a56b6]
V  [jvm.dll+0x2291ea]
V  [jvm.dll+0x22724c]
V  [jvm.dll+0x7efd0c]
V  [jvm.dll+0x7ea13a]
V  [jvm.dll+0x67ad85]
C  [ucrtbase.dll+0x21bb2]
C  [KERNEL32.DLL+0x17344]
C  [ntdll.dll+0x526b1]


siginfo: EXCEPTION_ACCESS_VIOLATION (0xc0000005), reading address 0x0000000000000028


Register to memory mapping:

RIP=0x00007ffd932ee0a9 jvm.dll
RAX=0x000001c64e55b000 points into unknown readable memory: 0x0000000000000000 | 00 00 00 00 00 00 00 00
RBX=0x0000000000001908 is an unknown value
RCX=0x0 is NULL
RDX=0x0 is NULL
RSP=0x000000731e8fb3c0 is pointing into the stack for thread: 0x000001c621206510
RBP=0x000000731e8fb430 is pointing into the stack for thread: 0x000001c621206510
RSI=0x0 is NULL
RDI=0x000000000000004d is an unknown value
R8 =0x000000000000ffe0 is an unknown value
R9 =0x0 is NULL
R10=0x00007ffdd86f0000 VCRUNTIME140.dll
R11=0x000001c64e55b020 points into unknown readable memory: 0x0000000000000000 | 00 00 00 00 00 00 00 00
R12=0x0000000000000050 is an unknown value
R13=0x0 is NULL
R14=0x0 is NULL
R15=0x000000731e8fe5e0 is pointing into the stack for thread: 0x000001c621206510


Registers:
RAX=0x000001c64e55b000, RBX=0x0000000000001908, RCX=0x0000000000000000, RDX=0x0000000000000000
RSP=0x000000731e8fb3c0, RBP=0x000000731e8fb430, RSI=0x0000000000000000, RDI=0x000000000000004d
R8 =0x000000000000ffe0, R9 =0x0000000000000000, R10=0x00007ffdd86f0000, R11=0x000001c64e55b020
R12=0x0000000000000050, R13=0x0000000000000000, R14=0x0000000000000000, R15=0x000000731e8fe5e0
RIP=0x00007ffd932ee0a9, EFLAGS=0x0000000000010202

Top of Stack: (sp=0x000000731e8fb3c0)
0x000000731e8fb3c0:   0000000000001908 0000000000000000
0x000000731e8fb3d0:   000000731e8fe5e0 00007ffd932538d1
0x000000731e8fb3e0:   000001c6211ff330 00007ffd00002000
0x000000731e8fb3f0:   000001c64e55b000 0000000000000000
0x000000731e8fb400:   0000000000000002 000001c64dc52300
0x000000731e8fb410:   0000000000000002 000001c6211ff330
0x000000731e8fb420:   0000000000000000 0000000000000000
0x000000731e8fb430:   000001c6210b06b0 000001c603675a50
0x000000731e8fb440:   000000000000004d 00007ffd93974c08
0x000000731e8fb450:   000000731e8fb560 00007ffd9324ba8b
0x000000731e8fb460:   000000731e8fe5e0 00007ffd93974c08
0x000000731e8fb470:   000000731e8fe5e0 000000731e8fb560
0x000000731e8fb480:   000001c600000000 00007ffd9364b7fb
0x000000731e8fb490:   000000730000000f 000000731e8fe5e0
0x000000731e8fb4a0:   000000731e8fb610 0000000000000000
0x000000731e8fb4b0:   000001c600000100 00007ffd93974c08 

Instructions: (pc=0x00007ffd932ee0a9)
0x00007ffd932edfa9:   3b d0 75 0b ff c1 41 3b c9 7c dc 48 8b c2 c3 33
0x00007ffd932edfb9:   c0 c3 cc cc cc cc cc 48 89 5c 24 18 55 56 57 41
0x00007ffd932edfc9:   55 41 57 48 8b ec 48 83 ec 70 65 48 8b 04 25 58
0x00007ffd932edfd9:   00 00 00 48 8b f2 44 8b 05 d2 8b 90 00 4c 8b f9
0x00007ffd932edfe9:   4a 8b 1c c0 b8 50 00 00 00 80 3c 18 00 75 05 e8
0x00007ffd932edff9:   8b 6f 5d 00 b8 20 00 00 00 48 8b 04 18 48 8b 98
0x00007ffd932ee009:   38 02 00 00 48 89 5d b0 c7 45 b8 04 00 00 00 48
0x00007ffd932ee019:   8b 43 18 48 83 f8 df 76 18 4c 8d 05 37 a9 65 00
0x00007ffd932ee029:   ba 20 00 00 00 48 8b cb e8 5a eb de ff 48 8b 43
0x00007ffd932ee039:   18 48 8d 48 20 48 3b 4b 20 76 11 45 33 c0 48 8b
0x00007ffd932ee049:   cb 41 8d 50 20 e8 fd e8 de ff eb 04 48 89 4b 18
0x00007ffd932ee059:   44 8b 45 b8 33 d2 49 c1 e0 03 48 8b c8 48 89 45
0x00007ffd932ee069:   c0 e8 e3 80 5d 00 45 33 ed 48 8d 4d d0 44 89 6d
0x00007ffd932ee079:   c8 e8 01 59 56 00 41 8b 9f 40 02 00 00 41 2b 9f
0x00007ffd932ee089:   68 02 00 00 44 89 6d f0 3b 5d b8 72 0b 8b d3 48
0x00007ffd932ee099:   8d 4d b0 e8 6f b3 39 00 48 8b 45 c0 4c 89 2c d8
0x00007ffd932ee0a9:   8b 7e 28 8b df c1 eb 05 3b 5d d0 72 0b 8b d3 48
0x00007ffd932ee0b9:   8d 4d d0 e8 1f 59 56 00 48 8b 45 d8 83 e7 1f 48
0x00007ffd932ee0c9:   8d 14 98 40 0f b6 cf 41 b8 01 00 00 00 41 d3 e0
0x00007ffd932ee0d9:   8b 0a 8b c1 41 0b c0 89 02 41 85 c8 75 21 8b 5d
0x00007ffd932ee0e9:   c8 8d 43 01 89 45 c8 3b 5d b8 72 0b 8b d3 48 8d
0x00007ffd932ee0f9:   4d b0 e8 10 b3 39 00 48 8b 45 c0 48 89 34 d8 44
0x00007ffd932ee109:   39 6d c8 0f 86 77 01 00 00 4c 89 a4 24 a0 00 00
0x00007ffd932ee119:   00 4c 89 b4 24 a8 00 00 00 48 8b 45 c0 41 8b cd
0x00007ffd932ee129:   48 8b 34 c8 8b 46 2c 25 ff 1f 00 00 3d 04 10 00
0x00007ffd932ee139:   00 0f 85 a7 00 00 00 bb 01 00 00 00 39 5e 18 76
0x00007ffd932ee149:   39 66 0f 1f 44 00 00 48 8b 46 08 8b cb 48 8b 14
0x00007ffd932ee159:   c8 48 85 d2 74 1d 48 83 7a 10 00 74 16 80 7a 2c
0x00007ffd932ee169:   84 74 10 e8 7f 7e ee ff 48 8b d0 49 8b cf e8 a4
0x00007ffd932ee179:   61 f6 ff ff c3 3b 5e 18 72 cd 48 8b 5e 10 8b 46
0x00007ffd932ee189:   20 4c 8d 34 c3 49 3b de 73 54 48 8b 3b 8b 47 2c
0x00007ffd932ee199:   83 e0 03 3c 03 75 2e 48 8b 07 48 8b cf ff 90 88 


Stack slot to memory mapping:
stack at sp + 0 slots: 0x0000000000001908 is an unknown value
stack at sp + 1 slots: 0x0 is NULL
stack at sp + 2 slots: 0x000000731e8fe5e0 is pointing into the stack for thread: 0x000001c621206510
stack at sp + 3 slots: 0x00007ffd932538d1 jvm.dll
stack at sp + 4 slots: 0x000001c6211ff330 points into unknown readable memory: 0x0000000000000006 | 06 00 00 00 00 00 00 00
stack at sp + 5 slots: 0x00007ffd00002000 is an unknown value
stack at sp + 6 slots: 0x000001c64e55b000 points into unknown readable memory: 0x0000000000000000 | 00 00 00 00 00 00 00 00
stack at sp + 7 slots: 0x0 is NULL


---------------  P R O C E S S  ---------------

Threads class SMR info:
_java_thread_list=0x000001c64e5a2980, length=91, elements={
0x000001c60365ea00, 0x000001c6211ec190, 0x000001c6211eef30, 0x000001c621200770,
0x000001c6212046c0, 0x000001c621204f90, 0x000001c621205860, 0x000001c621206510,
0x000001c621206ed0, 0x000001c62127bc30, 0x000001c6211da390, 0x000001c62156d9a0,
0x000001c641e9d340, 0x000001c641c572f0, 0x000001c6422f2430, 0x000001c6412244c0,
0x000001c641070cf0, 0x000001c641c1c620, 0x000001c641c1acd0, 0x000001c641c1c110,
0x000001c641c1b1e0, 0x000001c641c1b6f0, 0x000001c641c1a2b0, 0x000001c641c1d040,
0x000001c641c1a7c0, 0x000001c641c1d550, 0x000001c641c1bc00, 0x000001c641c1da60,
0x000001c6416831f0, 0x000001c641683700, 0x000001c64167c290, 0x000001c641681db0,
0x000001c64167f020, 0x000001c641681390, 0x000001c641682ce0, 0x000001c64167f530,
0x000001c6416822c0, 0x000001c6416818a0, 0x000001c64167fa40, 0x000001c64167eb10,
0x000001c64167ff50, 0x000001c64167e0f0, 0x000001c64167ccb0, 0x000001c64167d1c0,
0x000001c64167e600, 0x000001c6416827d0, 0x000001c64359e160, 0x000001c64359aec0,
0x000001c64359ffc0, 0x000001c64359b3d0, 0x000001c643599f90, 0x000001c64359bdf0,
0x000001c6435a04d0, 0x000001c643599570, 0x000001c64359d740, 0x000001c64359b8e0,
0x000001c64359c300, 0x000001c64359a4a0, 0x000001c64359eb80, 0x000001c64359cd20,
0x000001c64359dc50, 0x000001c64359a9b0, 0x000001c64359c810, 0x000001c64359f5a0,
0x000001c643c15570, 0x000001c643c13200, 0x000001c643c15a80, 0x000001c643c14640,
0x000001c643c118b0, 0x000001c643c173d0, 0x000001c643c169b0, 0x000001c643c16ec0,
0x000001c643c10980, 0x000001c643c11dc0, 0x000001c643c13c20, 0x000001c643c14b50,
0x000001c643c127e0, 0x000001c643c12cf0, 0x000001c643c13710, 0x000001c643c14130,
0x000001c641c1cb30, 0x000001c643599060, 0x000001c64d79f680, 0x000001c64d7a1f00,
0x000001c64d7a2410, 0x000001c64d7a14e0, 0x000001c64d7a0fd0, 0x000001c64d7a2920,
0x000001c64d7a0ac0, 0x000001c64d7a19f0, 0x000001c64d79f170
}

Java Threads: ( => current thread )
  0x000001c60365ea00 JavaThread "main" [_thread_blocked, id=8612, stack(0x000000731db00000,0x000000731dc00000)]
  0x000001c6211ec190 JavaThread "Reference Handler" daemon [_thread_blocked, id=3336, stack(0x000000731e200000,0x000000731e300000)]
  0x000001c6211eef30 JavaThread "Finalizer" daemon [_thread_blocked, id=1832, stack(0x000000731e300000,0x000000731e400000)]
  0x000001c621200770 JavaThread "Signal Dispatcher" daemon [_thread_blocked, id=8704, stack(0x000000731e400000,0x000000731e500000)]
  0x000001c6212046c0 JavaThread "Attach Listener" daemon [_thread_blocked, id=8900, stack(0x000000731e500000,0x000000731e600000)]
  0x000001c621204f90 JavaThread "Service Thread" daemon [_thread_blocked, id=3300, stack(0x000000731e600000,0x000000731e700000)]
  0x000001c621205860 JavaThread "Monitor Deflation Thread" daemon [_thread_blocked, id=8300, stack(0x000000731e700000,0x000000731e800000)]
=>0x000001c621206510 JavaThread "C2 CompilerThread0" daemon [_thread_in_native, id=7532, stack(0x000000731e800000,0x000000731e900000)]
  0x000001c621206ed0 JavaThread "C1 CompilerThread0" daemon [_thread_blocked, id=6856, stack(0x000000731e900000,0x000000731ea00000)]
  0x000001c62127bc30 JavaThread "Sweeper thread" daemon [_thread_blocked, id=3892, stack(0x000000731ea00000,0x000000731eb00000)]
  0x000001c6211da390 JavaThread "Common-Cleaner" daemon [_thread_blocked, id=3148, stack(0x000000731eb00000,0x000000731ec00000)]
  0x000001c62156d9a0 JavaThread "Notification Thread" daemon [_thread_blocked, id=7220, stack(0x000000731ec00000,0x000000731ed00000)]
  0x000001c641e9d340 JavaThread "Daemon health stats" [_thread_blocked, id=4748, stack(0x000000731f100000,0x000000731f200000)]
  0x000001c641c572f0 JavaThread "Incoming local TCP Connector on port 57321" [_thread_in_native, id=3596, stack(0x000000731f200000,0x000000731f300000)]
  0x000001c6422f2430 JavaThread "Daemon periodic checks" [_thread_blocked, id=6556, stack(0x000000731f300000,0x000000731f400000)]
  0x000001c6412244c0 JavaThread "Daemon" [_thread_blocked, id=5712, stack(0x000000731f400000,0x000000731f500000)]
  0x000001c641070cf0 JavaThread "Handler for socket connection from /127.0.0.1:57321 to /127.0.0.1:57322" [_thread_in_native, id=3668, stack(0x000000731f500000,0x000000731f600000)]
  0x000001c641c1c620 JavaThread "Cancel handler" [_thread_blocked, id=2364, stack(0x000000731f600000,0x000000731f700000)]
  0x000001c641c1acd0 JavaThread "Daemon worker" [_thread_blocked, id=3888, stack(0x000000731f700000,0x000000731f800000)]
  0x000001c641c1c110 JavaThread "Asynchronous log dispatcher for DefaultDaemonConnection: socket connection from /127.0.0.1:57321 to /127.0.0.1:57322" [_thread_blocked, id=8628, stack(0x000000731f800000,0x000000731f900000)]
  0x000001c641c1b1e0 JavaThread "Stdin handler" [_thread_blocked, id=3520, stack(0x000000731f900000,0x000000731fa00000)]
  0x000001c641c1b6f0 JavaThread "Daemon client event forwarder" [_thread_blocked, id=7756, stack(0x000000731fa00000,0x000000731fb00000)]
  0x000001c641c1a2b0 JavaThread "Cache worker for journal cache (C:\Users\Hassan Shah\.gradle\caches\journal-1)" [_thread_blocked, id=6196, stack(0x000000731fb00000,0x000000731fc00000)]
  0x000001c641c1d040 JavaThread "File lock request listener" [_thread_in_native, id=3972, stack(0x000000731fc00000,0x000000731fd00000)]
  0x000001c641c1a7c0 JavaThread "Cache worker for file hash cache (C:\Users\Hassan Shah\.gradle\caches\8.3\fileHashes)" [_thread_blocked, id=7528, stack(0x000000731fd00000,0x000000731fe00000)]
  0x000001c641c1d550 JavaThread "File watcher server" daemon [_thread_in_native, id=8516, stack(0x000000731fe00000,0x000000731ff00000)]
  0x000001c641c1bc00 JavaThread "File watcher consumer" daemon [_thread_in_Java, id=3832, stack(0x000000731ff00000,0x0000007320000000)]
  0x000001c641c1da60 JavaThread "Cache worker for checksums cache (C:\Users\Hassan Shah\MeinProject\android\.gradle\8.3\checksums)" [_thread_blocked, id=2636, stack(0x0000007320000000,0x0000007320100000)]
  0x000001c6416831f0 JavaThread "Cache worker for file hash cache (C:\Users\Hassan Shah\MeinProject\android\.gradle\8.3\fileHashes)" [_thread_blocked, id=6508, stack(0x0000007320100000,0x0000007320200000)]
  0x000001c641683700 JavaThread "Cache worker for cache directory md-supplier (C:\Users\Hassan Shah\.gradle\caches\8.3\md-supplier)" [_thread_blocked, id=1768, stack(0x0000007320200000,0x0000007320300000)]
  0x000001c64167c290 JavaThread "Cache worker for file content cache (C:\Users\Hassan Shah\.gradle\caches\8.3\fileContent)" [_thread_blocked, id=2456, stack(0x0000007320300000,0x0000007320400000)]
  0x000001c641681db0 JavaThread "Cache worker for cache directory md-rule (C:\Users\Hassan Shah\.gradle\caches\8.3\md-rule)" [_thread_blocked, id=2056, stack(0x0000007320400000,0x0000007320500000)]
  0x000001c64167f020 JavaThread "Cache worker for execution history cache (C:\Users\Hassan Shah\.gradle\caches\8.3\executionHistory)" [_thread_blocked, id=4552, stack(0x0000007320500000,0x0000007320600000)]
  0x000001c641681390 JavaThread "jar transforms" [_thread_blocked, id=3092, stack(0x0000007320700000,0x0000007320800000)]
  0x000001c641682ce0 JavaThread "jar transforms Thread 2" [_thread_blocked, id=4712, stack(0x0000007320600000,0x0000007320700000)]
  0x000001c64167f530 JavaThread "jar transforms Thread 3" [_thread_blocked, id=8808, stack(0x0000007320800000,0x0000007320900000)]
  0x000001c6416822c0 JavaThread "jar transforms Thread 4" [_thread_blocked, id=5964, stack(0x0000007320900000,0x0000007320a00000)]
  0x000001c6416818a0 JavaThread "Cache worker for kotlin-dsl (C:\Users\Hassan Shah\.gradle\caches\8.3\kotlin-dsl)" [_thread_blocked, id=7592, stack(0x0000007320a00000,0x0000007320b00000)]
  0x000001c64167fa40 JavaThread "Unconstrained build operations" [_thread_blocked, id=5176, stack(0x0000007320b00000,0x0000007320c00000)]
  0x000001c64167eb10 JavaThread "Unconstrained build operations Thread 2" [_thread_blocked, id=2876, stack(0x0000007320c00000,0x0000007320d00000)]
  0x000001c64167ff50 JavaThread "Cache worker for dependencies-accessors (C:\Users\Hassan Shah\MeinProject\android\.gradle\8.3\dependencies-accessors)" [_thread_blocked, id=8508, stack(0x0000007321000000,0x0000007321100000)]
  0x000001c64167e0f0 JavaThread "Cache worker for Build Output Cleanup Cache (C:\Users\Hassan Shah\MeinProject\node_modules\@react-native\gradle-plugin\.gradle\buildOutputCleanup)" [_thread_blocked, id=3884, stack(0x0000007321100000,0x0000007321200000)]
  0x000001c64167ccb0 JavaThread "Unconstrained build operations Thread 3" [_thread_blocked, id=4568, stack(0x0000007321300000,0x0000007321400000)]
  0x000001c64167d1c0 JavaThread "Unconstrained build operations Thread 4" [_thread_blocked, id=1868, stack(0x0000007321400000,0x0000007321500000)]
  0x000001c64167e600 JavaThread "Unconstrained build operations Thread 5" [_thread_blocked, id=8716, stack(0x0000007321500000,0x0000007321600000)]
  0x000001c6416827d0 JavaThread "Memory manager" [_thread_blocked, id=7736, stack(0x0000007321600000,0x0000007321700000)]
  0x000001c64359e160 JavaThread "Cache worker for Build Output Cleanup Cache (C:\Users\Hassan Shah\MeinProject\android\.gradle\buildOutputCleanup)" [_thread_blocked, id=6100, stack(0x0000007321200000,0x0000007321300000)]
  0x000001c64359aec0 JavaThread "ForkJoinPool.commonPool-worker-1" daemon [_thread_blocked, id=2384, stack(0x0000007321800000,0x0000007321900000)]
  0x000001c64359ffc0 JavaThread "ForkJoinPool.commonPool-worker-2" daemon [_thread_blocked, id=8676, stack(0x0000007321900000,0x0000007321a00000)]
  0x000001c64359b3d0 JavaThread "ForkJoinPool.commonPool-worker-3" daemon [_thread_blocked, id=7360, stack(0x0000007321a00000,0x0000007321b00000)]
  0x000001c643599f90 JavaThread "included builds" [_thread_blocked, id=6604, stack(0x0000007321e00000,0x0000007321f00000)]
  0x000001c64359bdf0 JavaThread "Execution worker" [_thread_blocked, id=2484, stack(0x0000007321f00000,0x0000007322000000)]
  0x000001c6435a04d0 JavaThread "Execution worker Thread 2" [_thread_blocked, id=5544, stack(0x0000007322000000,0x0000007322100000)]
  0x000001c643599570 JavaThread "Execution worker Thread 3" [_thread_blocked, id=2036, stack(0x0000007322100000,0x0000007322200000)]
  0x000001c64359d740 JavaThread "Cache worker for execution history cache (C:\Users\Hassan Shah\MeinProject\node_modules\@react-native\gradle-plugin\.gradle\8.3\executionHistory)" [_thread_blocked, id=8852, stack(0x000000731d800000,0x000000731d900000)]
  0x000001c64359b8e0 JavaThread "Unconstrained build operations Thread 6" [_thread_blocked, id=8264, stack(0x000000731d900000,0x000000731da00000)]
  0x000001c64359c300 JavaThread "Unconstrained build operations Thread 7" [_thread_blocked, id=3800, stack(0x000000731da00000,0x000000731db00000)]
  0x000001c64359a4a0 JavaThread "Unconstrained build operations Thread 8" [_thread_blocked, id=8688, stack(0x0000007322200000,0x0000007322300000)]
  0x000001c64359eb80 JavaThread "Unconstrained build operations Thread 9" [_thread_blocked, id=7412, stack(0x0000007321700000,0x0000007321800000)]
  0x000001c64359cd20 JavaThread "Unconstrained build operations Thread 10" [_thread_blocked, id=1484, stack(0x0000007322300000,0x0000007322400000)]
  0x000001c64359dc50 JavaThread "Unconstrained build operations Thread 11" [_thread_blocked, id=5564, stack(0x0000007322400000,0x0000007322500000)]
  0x000001c64359a9b0 JavaThread "Unconstrained build operations Thread 12" [_thread_blocked, id=4508, stack(0x0000007322500000,0x0000007322600000)]
  0x000001c64359c810 JavaThread "Unconstrained build operations Thread 13" [_thread_blocked, id=5744, stack(0x0000007322600000,0x0000007322700000)]
  0x000001c64359f5a0 JavaThread "Unconstrained build operations Thread 14" [_thread_blocked, id=5680, stack(0x0000007322800000,0x0000007322900000)]
  0x000001c643c15570 JavaThread "Unconstrained build operations Thread 15" [_thread_blocked, id=8236, stack(0x0000007322700000,0x0000007322800000)]
  0x000001c643c13200 JavaThread "Unconstrained build operations Thread 16" [_thread_blocked, id=5536, stack(0x0000007322900000,0x0000007322a00000)]
  0x000001c643c15a80 JavaThread "Unconstrained build operations Thread 17" [_thread_blocked, id=5500, stack(0x0000007322a00000,0x0000007322b00000)]
  0x000001c643c14640 JavaThread "Unconstrained build operations Thread 18" [_thread_blocked, id=6472, stack(0x0000007322c00000,0x0000007322d00000)]
  0x000001c643c118b0 JavaThread "Unconstrained build operations Thread 19" [_thread_blocked, id=6652, stack(0x0000007322d00000,0x0000007322e00000)]
  0x000001c643c173d0 JavaThread "Unconstrained build operations Thread 20" [_thread_blocked, id=6228, stack(0x0000007322e00000,0x0000007322f00000)]
  0x000001c643c169b0 JavaThread "Unconstrained build operations Thread 21" [_thread_blocked, id=8452, stack(0x0000007323200000,0x0000007323300000)]
  0x000001c643c16ec0 JavaThread "Unconstrained build operations Thread 22" [_thread_blocked, id=6180, stack(0x0000007323300000,0x0000007323400000)]
  0x000001c643c10980 JavaThread "Unconstrained build operations Thread 23" [_thread_blocked, id=5792, stack(0x0000007323400000,0x0000007323500000)]
  0x000001c643c11dc0 JavaThread "Unconstrained build operations Thread 24" [_thread_blocked, id=8672, stack(0x0000007323100000,0x0000007323200000)]
  0x000001c643c13c20 JavaThread "Unconstrained build operations Thread 25" [_thread_blocked, id=8816, stack(0x0000007323500000,0x0000007323600000)]
  0x000001c643c14b50 JavaThread "Unconstrained build operations Thread 26" [_thread_blocked, id=8012, stack(0x0000007323600000,0x0000007323700000)]
  0x000001c643c127e0 JavaThread "Unconstrained build operations Thread 27" [_thread_blocked, id=592, stack(0x0000007323800000,0x0000007323900000)]
  0x000001c643c12cf0 JavaThread "Unconstrained build operations Thread 28" [_thread_blocked, id=8528, stack(0x0000007323900000,0x0000007323a00000)]
  0x000001c643c13710 JavaThread "Unconstrained build operations Thread 29" [_thread_blocked, id=1488, stack(0x0000007323a00000,0x0000007323b00000)]
  0x000001c643c14130 JavaThread "Unconstrained build operations Thread 30" [_thread_blocked, id=2428, stack(0x0000007323b00000,0x0000007323c00000)]
  0x000001c641c1cb30 JavaThread "Unconstrained build operations Thread 31" [_thread_blocked, id=1620, stack(0x0000007323c00000,0x0000007323d00000)]
  0x000001c643599060 JavaThread "Unconstrained build operations Thread 32" [_thread_blocked, id=8132, stack(0x0000007323d00000,0x0000007323e00000)]
  0x000001c64d79f680 JavaThread "Unconstrained build operations Thread 33" [_thread_blocked, id=4624, stack(0x0000007323e00000,0x0000007323f00000)]
  0x000001c64d7a1f00 JavaThread "Unconstrained build operations Thread 34" [_thread_blocked, id=4760, stack(0x0000007323f00000,0x0000007324000000)]
  0x000001c64d7a2410 JavaThread "Unconstrained build operations Thread 35" [_thread_blocked, id=9072, stack(0x0000007324000000,0x0000007324100000)]
  0x000001c64d7a14e0 JavaThread "Unconstrained build operations Thread 36" [_thread_blocked, id=2204, stack(0x0000007324100000,0x0000007324200000)]
  0x000001c64d7a0fd0 JavaThread "Unconstrained build operations Thread 37" [_thread_blocked, id=8884, stack(0x0000007324200000,0x0000007324300000)]
  0x000001c64d7a2920 JavaThread "Unconstrained build operations Thread 38" [_thread_blocked, id=2156, stack(0x0000007324300000,0x0000007324400000)]
  0x000001c64d7a0ac0 JavaThread "Unconstrained build operations Thread 39" [_thread_blocked, id=2640, stack(0x0000007324400000,0x0000007324500000)]
  0x000001c64d7a19f0 JavaThread "Unconstrained build operations Thread 40" [_thread_blocked, id=3936, stack(0x0000007324500000,0x0000007324600000)]
  0x000001c64d79f170 JavaThread "Cache worker for execution history cache (C:\Users\Hassan Shah\MeinProject\android\.gradle\8.3\executionHistory)" [_thread_blocked, id=6724, stack(0x0000007324600000,0x0000007324700000)]

Other Threads:
  0x000001c6211e8670 VMThread "VM Thread" [stack: 0x000000731e100000,0x000000731e200000] [id=5448]
  0x000001c60365f8d0 WatcherThread [stack: 0x000000731ed00000,0x000000731ee00000] [id=3216]
  0x000001c6036b8c30 GCTaskThread "GC Thread#0" [stack: 0x000000731dc00000,0x000000731dd00000] [id=6568]
  0x000001c62180dba0 GCTaskThread "GC Thread#1" [stack: 0x000000731ef00000,0x000000731f000000] [id=8588]
  0x000001c621591350 GCTaskThread "GC Thread#2" [stack: 0x000000731f000000,0x000000731f100000] [id=1876]
  0x000001c621590810 GCTaskThread "GC Thread#3" [stack: 0x000000731ee00000,0x000000731ef00000] [id=2916]
  0x000001c6036cbaa0 ConcurrentGCThread "G1 Main Marker" [stack: 0x000000731dd00000,0x000000731de00000] [id=6296]
  0x000001c6036cd3d0 ConcurrentGCThread "G1 Conc#0" [stack: 0x000000731de00000,0x000000731df00000] [id=7240]
  0x000001c603710bf0 ConcurrentGCThread "G1 Refine#0" [stack: 0x000000731df00000,0x000000731e000000] [id=2856]
  0x000001c6459c1f00 ConcurrentGCThread "G1 Refine#1" [stack: 0x0000007322b00000,0x0000007322c00000] [id=7204]
  0x000001c6459c2db0 ConcurrentGCThread "G1 Refine#2" [stack: 0x0000007322f00000,0x0000007323000000] [id=8524]
  0x000001c6459c3390 ConcurrentGCThread "G1 Refine#3" [stack: 0x0000007323000000,0x0000007323100000] [id=5260]
  0x000001c603711530 ConcurrentGCThread "G1 Service" [stack: 0x000000731e000000,0x000000731e100000] [id=1296]

Threads with active compile tasks:
C2 CompilerThread0   121356 16303   !   4       org.gradle.cache.internal.DefaultMultiProcessSafeIndexedCache::getIfPresent (25 bytes)

VM state: not at safepoint (normal execution)

VM Mutex/Monitor currently owned by a thread: None

Heap address: 0x0000000080000000, size: 2048 MB, Compressed Oops mode: 32-bit

CDS archive(s) mapped at: [0x000001c622000000-0x000001c622bd0000-0x000001c622bd0000), size 12386304, SharedBaseAddress: 0x000001c622000000, ArchiveRelocationMode: 1.
Compressed class space mapped at: 0x000001c623000000-0x000001c63d000000, reserved size: 436207616
Narrow klass base: 0x000001c622000000, Narrow klass shift: 0, Narrow klass range: 0x100000000

GC Precious Log:
 CPUs: 4 total, 4 available
 Memory: 6017M
 Large Page Support: Disabled
 NUMA Support: Disabled
 Compressed Oops: Enabled (32-bit)
 Heap Region Size: 1M
 Heap Min Capacity: 8M
 Heap Initial Capacity: 96M
 Heap Max Capacity: 2G
 Pre-touch: Disabled
 Parallel Workers: 4
 Concurrent Workers: 1
 Concurrent Refinement Workers: 4
 Periodic GC: Disabled

Heap:
 garbage-first heap   total 290816K, used 193271K [0x0000000080000000, 0x0000000100000000)
  region size 1024K, 28 young (28672K), 7 survivors (7168K)
 Metaspace       used 111898K, committed 112960K, reserved 557056K
  class space    used 15383K, committed 15872K, reserved 425984K

Heap Regions: E=young(eden), S=young(survivor), O=old, HS=humongous(starts), HC=humongous(continues), CS=collection set, F=free, OA=open archive, CA=closed archive, TAMS=top-at-mark-start (previous, next)
|   0|0x0000000080000000, 0x0000000080100000, 0x0000000080100000|100%| O|  |TAMS 0x0000000080100000, 0x0000000080000000| Untracked 
|   1|0x0000000080100000, 0x0000000080200000, 0x0000000080200000|100%| O|  |TAMS 0x0000000080200000, 0x0000000080100000| Untracked 
|   2|0x0000000080200000, 0x0000000080300000, 0x0000000080300000|100%|HS|  |TAMS 0x0000000080300000, 0x0000000080200000| Complete 
|   3|0x0000000080300000, 0x0000000080400000, 0x0000000080400000|100%|HC|  |TAMS 0x0000000080400000, 0x0000000080300000| Complete 
|   4|0x0000000080400000, 0x0000000080500000, 0x0000000080500000|100%|HC|  |TAMS 0x0000000080500000, 0x0000000080400000| Complete 
|   5|0x0000000080500000, 0x0000000080600000, 0x0000000080600000|100%|HC|  |TAMS 0x0000000080600000, 0x0000000080500000| Complete 
|   6|0x0000000080600000, 0x0000000080700000, 0x0000000080700000|100%| O|  |TAMS 0x0000000080700000, 0x0000000080600000| Untracked 
|   7|0x0000000080700000, 0x0000000080800000, 0x0000000080800000|100%| O|  |TAMS 0x0000000080800000, 0x0000000080700000| Untracked 
|   8|0x0000000080800000, 0x0000000080900000, 0x0000000080900000|100%| O|  |TAMS 0x0000000080900000, 0x0000000080800000| Untracked 
|   9|0x0000000080900000, 0x0000000080a00000, 0x0000000080a00000|100%| O|  |TAMS 0x0000000080a00000, 0x0000000080900000| Untracked 
|  10|0x0000000080a00000, 0x0000000080b00000, 0x0000000080b00000|100%| O|  |TAMS 0x0000000080b00000, 0x0000000080a00000| Untracked 
|  11|0x0000000080b00000, 0x0000000080c00000, 0x0000000080c00000|100%| O|  |TAMS 0x0000000080c00000, 0x0000000080b00000| Untracked 
|  12|0x0000000080c00000, 0x0000000080d00000, 0x0000000080d00000|100%| O|  |TAMS 0x0000000080d00000, 0x0000000080c00000| Untracked 
|  13|0x0000000080d00000, 0x0000000080e00000, 0x0000000080e00000|100%| O|  |TAMS 0x0000000080e00000, 0x0000000080d00000| Untracked 
|  14|0x0000000080e00000, 0x0000000080f00000, 0x0000000080f00000|100%| O|  |TAMS 0x0000000080f00000, 0x0000000080e00000| Untracked 
|  15|0x0000000080f00000, 0x0000000081000000, 0x0000000081000000|100%| O|  |TAMS 0x0000000081000000, 0x0000000080f00000| Untracked 
|  16|0x0000000081000000, 0x0000000081100000, 0x0000000081100000|100%| O|  |TAMS 0x0000000081100000, 0x0000000081000000| Untracked 
|  17|0x0000000081100000, 0x0000000081200000, 0x0000000081200000|100%| O|  |TAMS 0x0000000081200000, 0x0000000081100000| Untracked 
|  18|0x0000000081200000, 0x0000000081300000, 0x0000000081300000|100%| O|  |TAMS 0x0000000081300000, 0x0000000081200000| Untracked 
|  19|0x0000000081300000, 0x0000000081400000, 0x0000000081400000|100%| O|  |TAMS 0x0000000081400000, 0x0000000081300000| Untracked 
|  20|0x0000000081400000, 0x0000000081500000, 0x0000000081500000|100%| O|  |TAMS 0x0000000081500000, 0x0000000081400000| Untracked 
|  21|0x0000000081500000, 0x0000000081600000, 0x0000000081600000|100%| O|  |TAMS 0x0000000081600000, 0x0000000081500000| Untracked 
|  22|0x0000000081600000, 0x0000000081700000, 0x0000000081700000|100%| O|  |TAMS 0x0000000081700000, 0x0000000081600000| Untracked 
|  23|0x0000000081700000, 0x0000000081800000, 0x0000000081800000|100%| O|  |TAMS 0x0000000081800000, 0x0000000081700000| Untracked 
|  24|0x0000000081800000, 0x0000000081900000, 0x0000000081900000|100%| O|  |TAMS 0x0000000081900000, 0x0000000081800000| Untracked 
|  25|0x0000000081900000, 0x0000000081a00000, 0x0000000081a00000|100%| O|  |TAMS 0x0000000081a00000, 0x0000000081900000| Untracked 
|  26|0x0000000081a00000, 0x0000000081b00000, 0x0000000081b00000|100%| O|  |TAMS 0x0000000081b00000, 0x0000000081a00000| Untracked 
|  27|0x0000000081b00000, 0x0000000081c00000, 0x0000000081c00000|100%| O|  |TAMS 0x0000000081c00000, 0x0000000081b00000| Untracked 
|  28|0x0000000081c00000, 0x0000000081d00000, 0x0000000081d00000|100%| O|  |TAMS 0x0000000081d00000, 0x0000000081c00000| Untracked 
|  29|0x0000000081d00000, 0x0000000081e00000, 0x0000000081e00000|100%| O|  |TAMS 0x0000000081e00000, 0x0000000081d00000| Untracked 
|  30|0x0000000081e00000, 0x0000000081f00000, 0x0000000081f00000|100%| O|  |TAMS 0x0000000081f00000, 0x0000000081e00000| Untracked 
|  31|0x0000000081f00000, 0x0000000082000000, 0x0000000082000000|100%| O|  |TAMS 0x0000000082000000, 0x0000000081f00000| Untracked 
|  32|0x0000000082000000, 0x0000000082100000, 0x0000000082100000|100%| O|  |TAMS 0x0000000082100000, 0x0000000082000000| Untracked 
|  33|0x0000000082100000, 0x0000000082200000, 0x0000000082200000|100%| O|  |TAMS 0x0000000082200000, 0x0000000082100000| Untracked 
|  34|0x0000000082200000, 0x0000000082300000, 0x0000000082300000|100%| O|  |TAMS 0x0000000082300000, 0x0000000082200000| Untracked 
|  35|0x0000000082300000, 0x0000000082400000, 0x0000000082400000|100%| O|  |TAMS 0x0000000082400000, 0x0000000082300000| Untracked 
|  36|0x0000000082400000, 0x0000000082500000, 0x0000000082500000|100%| O|  |TAMS 0x0000000082500000, 0x0000000082400000| Untracked 
|  37|0x0000000082500000, 0x0000000082600000, 0x0000000082600000|100%| O|  |TAMS 0x0000000082600000, 0x0000000082500000| Untracked 
|  38|0x0000000082600000, 0x0000000082700000, 0x0000000082700000|100%| O|  |TAMS 0x0000000082700000, 0x0000000082600000| Untracked 
|  39|0x0000000082700000, 0x0000000082800000, 0x0000000082800000|100%| O|  |TAMS 0x0000000082800000, 0x0000000082700000| Untracked 
|  40|0x0000000082800000, 0x0000000082900000, 0x0000000082900000|100%| O|  |TAMS 0x0000000082800000, 0x0000000082800000| Untracked 
|  41|0x0000000082900000, 0x0000000082a00000, 0x0000000082a00000|100%| O|  |TAMS 0x0000000082a00000, 0x0000000082900000| Untracked 
|  42|0x0000000082a00000, 0x0000000082b00000, 0x0000000082b00000|100%| O|  |TAMS 0x0000000082b00000, 0x0000000082a00000| Untracked 
|  43|0x0000000082b00000, 0x0000000082c00000, 0x0000000082c00000|100%| O|  |TAMS 0x0000000082c00000, 0x0000000082b00000| Untracked 
|  44|0x0000000082c00000, 0x0000000082d00000, 0x0000000082d00000|100%|HS|  |TAMS 0x0000000082d00000, 0x0000000082c00000| Complete 
|  45|0x0000000082d00000, 0x0000000082e00000, 0x0000000082e00000|100%|HC|  |TAMS 0x0000000082e00000, 0x0000000082d00000| Complete 
|  46|0x0000000082e00000, 0x0000000082f00000, 0x0000000082f00000|100%|HS|  |TAMS 0x0000000082f00000, 0x0000000082e00000| Complete 
|  47|0x0000000082f00000, 0x0000000083000000, 0x0000000083000000|100%|HC|  |TAMS 0x0000000083000000, 0x0000000082f00000| Complete 
|  48|0x0000000083000000, 0x0000000083100000, 0x0000000083100000|100%| O|  |TAMS 0x0000000083100000, 0x0000000083000000| Untracked 
|  49|0x0000000083100000, 0x0000000083200000, 0x0000000083200000|100%|HS|  |TAMS 0x0000000083200000, 0x0000000083100000| Complete 
|  50|0x0000000083200000, 0x0000000083300000, 0x0000000083300000|100%|HC|  |TAMS 0x0000000083300000, 0x0000000083200000| Complete 
|  51|0x0000000083300000, 0x0000000083400000, 0x0000000083400000|100%|HC|  |TAMS 0x0000000083400000, 0x0000000083300000| Complete 
|  52|0x0000000083400000, 0x0000000083500000, 0x0000000083500000|100%|HC|  |TAMS 0x0000000083500000, 0x0000000083400000| Complete 
|  53|0x0000000083500000, 0x0000000083600000, 0x0000000083600000|100%| O|  |TAMS 0x0000000083600000, 0x0000000083500000| Untracked 
|  54|0x0000000083600000, 0x0000000083700000, 0x0000000083700000|100%| O|  |TAMS 0x0000000083700000, 0x0000000083600000| Untracked 
|  55|0x0000000083700000, 0x0000000083800000, 0x0000000083800000|100%| O|  |TAMS 0x0000000083800000, 0x0000000083700000| Untracked 
|  56|0x0000000083800000, 0x0000000083900000, 0x0000000083900000|100%| O|  |TAMS 0x0000000083900000, 0x0000000083800000| Untracked 
|  57|0x0000000083900000, 0x0000000083a00000, 0x0000000083a00000|100%|HS|  |TAMS 0x0000000083a00000, 0x0000000083900000| Complete 
|  58|0x0000000083a00000, 0x0000000083b00000, 0x0000000083b00000|100%|HC|  |TAMS 0x0000000083b00000, 0x0000000083a00000| Complete 
|  59|0x0000000083b00000, 0x0000000083c00000, 0x0000000083c00000|100%|HC|  |TAMS 0x0000000083c00000, 0x0000000083b00000| Complete 
|  60|0x0000000083c00000, 0x0000000083d00000, 0x0000000083d00000|100%|HC|  |TAMS 0x0000000083d00000, 0x0000000083c00000| Complete 
|  61|0x0000000083d00000, 0x0000000083e00000, 0x0000000083e00000|100%| O|  |TAMS 0x0000000083e00000, 0x0000000083d00000| Untracked 
|  62|0x0000000083e00000, 0x0000000083f00000, 0x0000000083f00000|100%| O|  |TAMS 0x0000000083f00000, 0x0000000083e00000| Untracked 
|  63|0x0000000083f00000, 0x0000000084000000, 0x0000000084000000|100%| O|  |TAMS 0x0000000084000000, 0x0000000083f00000| Untracked 
|  64|0x0000000084000000, 0x0000000084100000, 0x0000000084100000|100%| O|  |TAMS 0x0000000084100000, 0x0000000084000000| Untracked 
|  65|0x0000000084100000, 0x0000000084200000, 0x0000000084200000|100%| O|  |TAMS 0x0000000084200000, 0x0000000084100000| Untracked 
|  66|0x0000000084200000, 0x0000000084300000, 0x0000000084300000|100%| O|  |TAMS 0x0000000084300000, 0x0000000084200000| Untracked 
|  67|0x0000000084300000, 0x0000000084400000, 0x0000000084400000|100%| O|  |TAMS 0x0000000084400000, 0x0000000084300000| Untracked 
|  68|0x0000000084400000, 0x0000000084500000, 0x0000000084500000|100%| O|  |TAMS 0x0000000084500000, 0x0000000084400000| Untracked 
|  69|0x0000000084500000, 0x0000000084600000, 0x0000000084600000|100%| O|  |TAMS 0x0000000084600000, 0x0000000084500000| Untracked 
|  70|0x0000000084600000, 0x0000000084700000, 0x0000000084700000|100%|HS|  |TAMS 0x0000000084700000, 0x0000000084600000| Complete 
|  71|0x0000000084700000, 0x0000000084800000, 0x0000000084800000|100%|HS|  |TAMS 0x0000000084800000, 0x0000000084700000| Complete 
|  72|0x0000000084800000, 0x0000000084900000, 0x0000000084900000|100%|HS|  |TAMS 0x0000000084900000, 0x0000000084800000| Complete 
|  73|0x0000000084900000, 0x0000000084a00000, 0x0000000084a00000|100%| O|  |TAMS 0x0000000084a00000, 0x0000000084900000| Untracked 
|  74|0x0000000084a00000, 0x0000000084b00000, 0x0000000084b00000|100%| O|  |TAMS 0x0000000084b00000, 0x0000000084a00000| Untracked 
|  75|0x0000000084b00000, 0x0000000084c00000, 0x0000000084c00000|100%|HS|  |TAMS 0x0000000084b00000, 0x0000000084b00000| Complete 
|  76|0x0000000084c00000, 0x0000000084d00000, 0x0000000084d00000|100%|HS|  |TAMS 0x0000000084d00000, 0x0000000084c00000| Complete 
|  77|0x0000000084d00000, 0x0000000084e00000, 0x0000000084e00000|100%| O|  |TAMS 0x0000000084e00000, 0x0000000084d00000| Untracked 
|  78|0x0000000084e00000, 0x0000000084f00000, 0x0000000084f00000|100%| O|  |TAMS 0x0000000084f00000, 0x0000000084e00000| Untracked 
|  79|0x0000000084f00000, 0x0000000085000000, 0x0000000085000000|100%| O|  |TAMS 0x0000000085000000, 0x0000000084f00000| Untracked 
|  80|0x0000000085000000, 0x0000000085100000, 0x0000000085100000|100%| O|  |TAMS 0x0000000085100000, 0x0000000085000000| Untracked 
|  81|0x0000000085100000, 0x0000000085200000, 0x0000000085200000|100%| O|  |TAMS 0x0000000085200000, 0x0000000085100000| Untracked 
|  82|0x0000000085200000, 0x0000000085300000, 0x0000000085300000|100%| O|  |TAMS 0x00000000852f7c00, 0x0000000085200000| Untracked 
|  83|0x0000000085300000, 0x0000000085400000, 0x0000000085400000|100%|HS|  |TAMS 0x0000000085300000, 0x0000000085300000| Complete 
|  84|0x0000000085400000, 0x0000000085500000, 0x0000000085500000|100%|HS|  |TAMS 0x0000000085400000, 0x0000000085400000| Complete 
|  85|0x0000000085500000, 0x0000000085600000, 0x0000000085600000|100%|HS|  |TAMS 0x0000000085500000, 0x0000000085500000| Complete 
|  86|0x0000000085600000, 0x0000000085700000, 0x0000000085700000|100%| O|  |TAMS 0x0000000085600000, 0x0000000085600000| Untracked 
|  87|0x0000000085700000, 0x0000000085800000, 0x0000000085800000|100%| O|  |TAMS 0x0000000085700000, 0x0000000085700000| Untracked 
|  88|0x0000000085800000, 0x0000000085900000, 0x0000000085900000|100%| O|  |TAMS 0x0000000085800000, 0x0000000085800000| Untracked 
|  89|0x0000000085900000, 0x0000000085a00000, 0x0000000085a00000|100%| O|  |TAMS 0x0000000085900000, 0x0000000085900000| Untracked 
|  90|0x0000000085a00000, 0x0000000085b00000, 0x0000000085b00000|100%| O|  |TAMS 0x0000000085a00000, 0x0000000085a00000| Untracked 
|  91|0x0000000085b00000, 0x0000000085c00000, 0x0000000085c00000|100%| O|  |TAMS 0x0000000085b00000, 0x0000000085b00000| Untracked 
|  92|0x0000000085c00000, 0x0000000085d00000, 0x0000000085d00000|100%| O|  |TAMS 0x0000000085c00000, 0x0000000085c00000| Untracked 
|  93|0x0000000085d00000, 0x0000000085e00000, 0x0000000085e00000|100%| O|  |TAMS 0x0000000085d00000, 0x0000000085d00000| Untracked 
|  94|0x0000000085e00000, 0x0000000085f00000, 0x0000000085f00000|100%| O|  |TAMS 0x0000000085e00000, 0x0000000085e00000| Untracked 
|  95|0x0000000085f00000, 0x0000000086000000, 0x0000000086000000|100%|HS|  |TAMS 0x0000000085f00000, 0x0000000085f00000| Complete 
|  96|0x0000000086000000, 0x0000000086100000, 0x0000000086100000|100%|HS|  |TAMS 0x0000000086000000, 0x0000000086000000| Complete 
|  97|0x0000000086100000, 0x0000000086200000, 0x0000000086200000|100%|HS|  |TAMS 0x0000000086100000, 0x0000000086100000| Complete 
|  98|0x0000000086200000, 0x0000000086300000, 0x0000000086300000|100%|HS|  |TAMS 0x0000000086200000, 0x0000000086200000| Complete 
|  99|0x0000000086300000, 0x0000000086400000, 0x0000000086400000|100%|HC|  |TAMS 0x0000000086300000, 0x0000000086300000| Complete 
| 100|0x0000000086400000, 0x0000000086500000, 0x0000000086500000|100%|HS|  |TAMS 0x0000000086400000, 0x0000000086400000| Complete 
| 101|0x0000000086500000, 0x0000000086600000, 0x0000000086600000|100%| O|  |TAMS 0x0000000086500000, 0x0000000086500000| Untracked 
| 102|0x0000000086600000, 0x0000000086700000, 0x0000000086700000|100%| O|  |TAMS 0x0000000086600000, 0x0000000086600000| Untracked 
| 103|0x0000000086700000, 0x0000000086800000, 0x0000000086800000|100%| O|  |TAMS 0x0000000086700000, 0x0000000086700000| Untracked 
| 104|0x0000000086800000, 0x0000000086900000, 0x0000000086900000|100%| O|  |TAMS 0x0000000086800000, 0x0000000086800000| Untracked 
| 105|0x0000000086900000, 0x0000000086a00000, 0x0000000086a00000|100%| O|  |TAMS 0x0000000086900000, 0x0000000086900000| Untracked 
| 106|0x0000000086a00000, 0x0000000086b00000, 0x0000000086b00000|100%| O|  |TAMS 0x0000000086a00000, 0x0000000086a00000| Untracked 
| 107|0x0000000086b00000, 0x0000000086c00000, 0x0000000086c00000|100%| O|  |TAMS 0x0000000086b00000, 0x0000000086b00000| Untracked 
| 108|0x0000000086c00000, 0x0000000086d00000, 0x0000000086d00000|100%| O|  |TAMS 0x0000000086c00000, 0x0000000086c00000| Untracked 
| 109|0x0000000086d00000, 0x0000000086e00000, 0x0000000086e00000|100%| O|  |TAMS 0x0000000086d00000, 0x0000000086d00000| Untracked 
| 110|0x0000000086e00000, 0x0000000086f00000, 0x0000000086f00000|100%| O|  |TAMS 0x0000000086e00000, 0x0000000086e00000| Untracked 
| 111|0x0000000086f00000, 0x0000000087000000, 0x0000000087000000|100%| O|  |TAMS 0x0000000086f00000, 0x0000000086f00000| Untracked 
| 112|0x0000000087000000, 0x0000000087100000, 0x0000000087100000|100%| O|  |TAMS 0x0000000087000000, 0x0000000087000000| Untracked 
| 113|0x0000000087100000, 0x0000000087200000, 0x0000000087200000|100%| O|  |TAMS 0x0000000087100000, 0x0000000087100000| Untracked 
| 114|0x0000000087200000, 0x0000000087300000, 0x0000000087300000|100%| O|  |TAMS 0x0000000087200000, 0x0000000087200000| Untracked 
| 115|0x0000000087300000, 0x0000000087400000, 0x0000000087400000|100%| O|  |TAMS 0x0000000087300000, 0x0000000087300000| Untracked 
| 116|0x0000000087400000, 0x0000000087500000, 0x0000000087500000|100%|HS|  |TAMS 0x0000000087400000, 0x0000000087400000| Complete 
| 117|0x0000000087500000, 0x0000000087600000, 0x0000000087600000|100%| O|  |TAMS 0x0000000087500000, 0x0000000087500000| Untracked 
| 118|0x0000000087600000, 0x0000000087700000, 0x0000000087700000|100%| O|  |TAMS 0x0000000087600000, 0x0000000087600000| Untracked 
| 119|0x0000000087700000, 0x0000000087800000, 0x0000000087800000|100%| O|  |TAMS 0x0000000087700000, 0x0000000087700000| Untracked 
| 120|0x0000000087800000, 0x0000000087900000, 0x0000000087900000|100%| O|  |TAMS 0x0000000087800000, 0x0000000087800000| Untracked 
| 121|0x0000000087900000, 0x0000000087a00000, 0x0000000087a00000|100%| O|  |TAMS 0x0000000087900000, 0x0000000087900000| Untracked 
| 122|0x0000000087a00000, 0x0000000087b00000, 0x0000000087b00000|100%| O|  |TAMS 0x0000000087a00000, 0x0000000087a00000| Untracked 
| 123|0x0000000087b00000, 0x0000000087c00000, 0x0000000087c00000|100%| O|  |TAMS 0x0000000087b00000, 0x0000000087b00000| Untracked 
| 124|0x0000000087c00000, 0x0000000087d00000, 0x0000000087d00000|100%| O|  |TAMS 0x0000000087c00000, 0x0000000087c00000| Untracked 
| 125|0x0000000087d00000, 0x0000000087e00000, 0x0000000087e00000|100%| O|  |TAMS 0x0000000087d00000, 0x0000000087d00000| Untracked 
| 126|0x0000000087e00000, 0x0000000087f00000, 0x0000000087f00000|100%| O|  |TAMS 0x0000000087e00000, 0x0000000087e00000| Untracked 
| 127|0x0000000087f00000, 0x0000000088000000, 0x0000000088000000|100%| O|  |TAMS 0x0000000087f00000, 0x0000000087f00000| Untracked 
| 128|0x0000000088000000, 0x0000000088100000, 0x0000000088100000|100%| O|  |TAMS 0x0000000088000000, 0x0000000088000000| Untracked 
| 129|0x0000000088100000, 0x0000000088200000, 0x0000000088200000|100%| O|  |TAMS 0x0000000088100000, 0x0000000088100000| Untracked 
| 130|0x0000000088200000, 0x0000000088300000, 0x0000000088300000|100%| O|  |TAMS 0x0000000088200000, 0x0000000088200000| Untracked 
| 131|0x0000000088300000, 0x0000000088400000, 0x0000000088400000|100%| O|  |TAMS 0x0000000088300000, 0x0000000088300000| Untracked 
| 132|0x0000000088400000, 0x0000000088500000, 0x0000000088500000|100%| O|  |TAMS 0x0000000088400000, 0x0000000088400000| Untracked 
| 133|0x0000000088500000, 0x0000000088600000, 0x0000000088600000|100%| O|  |TAMS 0x0000000088500000, 0x0000000088500000| Untracked 
| 134|0x0000000088600000, 0x0000000088700000, 0x0000000088700000|100%| O|  |TAMS 0x0000000088600000, 0x0000000088600000| Untracked 
| 135|0x0000000088700000, 0x0000000088800000, 0x0000000088800000|100%| O|  |TAMS 0x0000000088700000, 0x0000000088700000| Untracked 
| 136|0x0000000088800000, 0x0000000088900000, 0x0000000088900000|100%| O|  |TAMS 0x0000000088800000, 0x0000000088800000| Untracked 
| 137|0x0000000088900000, 0x0000000088a00000, 0x0000000088a00000|100%| O|  |TAMS 0x0000000088900000, 0x0000000088900000| Untracked 
| 138|0x0000000088a00000, 0x0000000088b00000, 0x0000000088b00000|100%| O|  |TAMS 0x0000000088a00000, 0x0000000088a00000| Untracked 
| 139|0x0000000088b00000, 0x0000000088c00000, 0x0000000088c00000|100%| O|  |TAMS 0x0000000088b00000, 0x0000000088b00000| Untracked 
| 140|0x0000000088c00000, 0x0000000088d00000, 0x0000000088d00000|100%| O|  |TAMS 0x0000000088c00000, 0x0000000088c00000| Untracked 
| 141|0x0000000088d00000, 0x0000000088e00000, 0x0000000088e00000|100%| O|  |TAMS 0x0000000088d00000, 0x0000000088d00000| Untracked 
| 142|0x0000000088e00000, 0x0000000088f00000, 0x0000000088f00000|100%| O|  |TAMS 0x0000000088e00000, 0x0000000088e00000| Untracked 
| 143|0x0000000088f00000, 0x0000000089000000, 0x0000000089000000|100%| O|  |TAMS 0x0000000088f00000, 0x0000000088f00000| Untracked 
| 144|0x0000000089000000, 0x0000000089100000, 0x0000000089100000|100%| O|  |TAMS 0x0000000089000000, 0x0000000089000000| Untracked 
| 145|0x0000000089100000, 0x0000000089200000, 0x0000000089200000|100%| O|  |TAMS 0x0000000089100000, 0x0000000089100000| Untracked 
| 146|0x0000000089200000, 0x0000000089300000, 0x0000000089300000|100%| O|  |TAMS 0x0000000089200000, 0x0000000089200000| Untracked 
| 147|0x0000000089300000, 0x0000000089400000, 0x0000000089400000|100%| O|  |TAMS 0x0000000089300000, 0x0000000089300000| Untracked 
| 148|0x0000000089400000, 0x0000000089500000, 0x0000000089500000|100%| O|  |TAMS 0x0000000089400000, 0x0000000089400000| Untracked 
| 149|0x0000000089500000, 0x0000000089600000, 0x0000000089600000|100%| O|  |TAMS 0x0000000089500000, 0x0000000089500000| Untracked 
| 150|0x0000000089600000, 0x0000000089700000, 0x0000000089700000|100%| O|  |TAMS 0x0000000089600000, 0x0000000089600000| Untracked 
| 151|0x0000000089700000, 0x0000000089800000, 0x0000000089800000|100%| O|  |TAMS 0x0000000089700000, 0x0000000089700000| Untracked 
| 152|0x0000000089800000, 0x0000000089900000, 0x0000000089900000|100%| O|  |TAMS 0x0000000089800000, 0x0000000089800000| Untracked 
| 153|0x0000000089900000, 0x0000000089a00000, 0x0000000089a00000|100%| O|  |TAMS 0x0000000089900000, 0x0000000089900000| Untracked 
| 154|0x0000000089a00000, 0x0000000089b00000, 0x0000000089b00000|100%| O|  |TAMS 0x0000000089a00000, 0x0000000089a00000| Untracked 
| 155|0x0000000089b00000, 0x0000000089c00000, 0x0000000089c00000|100%| O|  |TAMS 0x0000000089b00000, 0x0000000089b00000| Untracked 
| 156|0x0000000089c00000, 0x0000000089d00000, 0x0000000089d00000|100%| O|  |TAMS 0x0000000089c00000, 0x0000000089c00000| Untracked 
| 157|0x0000000089d00000, 0x0000000089e00000, 0x0000000089e00000|100%| O|  |TAMS 0x0000000089d00000, 0x0000000089d00000| Untracked 
| 158|0x0000000089e00000, 0x0000000089f00000, 0x0000000089f00000|100%| O|  |TAMS 0x0000000089e00000, 0x0000000089e00000| Untracked 
| 159|0x0000000089f00000, 0x000000008a000000, 0x000000008a000000|100%| O|  |TAMS 0x0000000089f00000, 0x0000000089f00000| Untracked 
| 160|0x000000008a000000, 0x000000008a100000, 0x000000008a100000|100%| O|  |TAMS 0x000000008a000000, 0x000000008a000000| Untracked 
| 161|0x000000008a100000, 0x000000008a200000, 0x000000008a200000|100%| O|  |TAMS 0x000000008a100000, 0x000000008a100000| Untracked 
| 162|0x000000008a200000, 0x000000008a200000, 0x000000008a300000|  0%| F|  |TAMS 0x000000008a200000, 0x000000008a200000| Untracked 
| 163|0x000000008a300000, 0x000000008a300000, 0x000000008a400000|  0%| F|  |TAMS 0x000000008a300000, 0x000000008a300000| Untracked 
| 164|0x000000008a400000, 0x000000008a400000, 0x000000008a500000|  0%| F|  |TAMS 0x000000008a400000, 0x000000008a400000| Untracked 
| 165|0x000000008a500000, 0x000000008a500000, 0x000000008a600000|  0%| F|  |TAMS 0x000000008a500000, 0x000000008a500000| Untracked 
| 166|0x000000008a600000, 0x000000008a600000, 0x000000008a700000|  0%| F|  |TAMS 0x000000008a600000, 0x000000008a600000| Untracked 
| 167|0x000000008a700000, 0x000000008a700000, 0x000000008a800000|  0%| F|  |TAMS 0x000000008a700000, 0x000000008a700000| Untracked 
| 168|0x000000008a800000, 0x000000008a800000, 0x000000008a900000|  0%| F|  |TAMS 0x000000008a800000, 0x000000008a800000| Untracked 
| 169|0x000000008a900000, 0x000000008a900000, 0x000000008aa00000|  0%| F|  |TAMS 0x000000008a900000, 0x000000008a900000| Untracked 
| 170|0x000000008aa00000, 0x000000008aa00000, 0x000000008ab00000|  0%| F|  |TAMS 0x000000008aa00000, 0x000000008aa00000| Untracked 
| 171|0x000000008ab00000, 0x000000008ab00000, 0x000000008ac00000|  0%| F|  |TAMS 0x000000008ab00000, 0x000000008ab00000| Untracked 
| 172|0x000000008ac00000, 0x000000008ac00000, 0x000000008ad00000|  0%| F|  |TAMS 0x000000008ac00000, 0x000000008ac00000| Untracked 
| 173|0x000000008ad00000, 0x000000008ad00000, 0x000000008ae00000|  0%| F|  |TAMS 0x000000008ad00000, 0x000000008ad00000| Untracked 
| 174|0x000000008ae00000, 0x000000008ae00000, 0x000000008af00000|  0%| F|  |TAMS 0x000000008ae00000, 0x000000008ae00000| Untracked 
| 175|0x000000008af00000, 0x000000008af00000, 0x000000008b000000|  0%| F|  |TAMS 0x000000008af00000, 0x000000008af00000| Untracked 
| 176|0x000000008b000000, 0x000000008b000000, 0x000000008b100000|  0%| F|  |TAMS 0x000000008b000000, 0x000000008b000000| Untracked 
| 177|0x000000008b100000, 0x000000008b100000, 0x000000008b200000|  0%| F|  |TAMS 0x000000008b100000, 0x000000008b100000| Untracked 
| 178|0x000000008b200000, 0x000000008b200000, 0x000000008b300000|  0%| F|  |TAMS 0x000000008b200000, 0x000000008b200000| Untracked 
| 179|0x000000008b300000, 0x000000008b300000, 0x000000008b400000|  0%| F|  |TAMS 0x000000008b300000, 0x000000008b300000| Untracked 
| 180|0x000000008b400000, 0x000000008b400000, 0x000000008b500000|  0%| F|  |TAMS 0x000000008b400000, 0x000000008b400000| Untracked 
| 181|0x000000008b500000, 0x000000008b500000, 0x000000008b600000|  0%| F|  |TAMS 0x000000008b500000, 0x000000008b500000| Untracked 
| 182|0x000000008b600000, 0x000000008b600000, 0x000000008b700000|  0%| F|  |TAMS 0x000000008b600000, 0x000000008b600000| Untracked 
| 183|0x000000008b700000, 0x000000008b700000, 0x000000008b800000|  0%| F|  |TAMS 0x000000008b700000, 0x000000008b700000| Untracked 
| 184|0x000000008b800000, 0x000000008b800000, 0x000000008b900000|  0%| F|  |TAMS 0x000000008b800000, 0x000000008b800000| Untracked 
| 185|0x000000008b900000, 0x000000008b900000, 0x000000008ba00000|  0%| F|  |TAMS 0x000000008b900000, 0x000000008b900000| Untracked 
| 186|0x000000008ba00000, 0x000000008ba00000, 0x000000008bb00000|  0%| F|  |TAMS 0x000000008ba00000, 0x000000008ba00000| Untracked 
| 187|0x000000008bb00000, 0x000000008bb00000, 0x000000008bc00000|  0%| F|  |TAMS 0x000000008bb00000, 0x000000008bb00000| Untracked 
| 188|0x000000008bc00000, 0x000000008bc00000, 0x000000008bd00000|  0%| F|  |TAMS 0x000000008bc00000, 0x000000008bc00000| Untracked 
| 189|0x000000008bd00000, 0x000000008bd00000, 0x000000008be00000|  0%| F|  |TAMS 0x000000008bd00000, 0x000000008bd00000| Untracked 
| 190|0x000000008be00000, 0x000000008be00000, 0x000000008bf00000|  0%| F|  |TAMS 0x000000008be00000, 0x000000008be00000| Untracked 
| 191|0x000000008bf00000, 0x000000008bf00000, 0x000000008c000000|  0%| F|  |TAMS 0x000000008bf00000, 0x000000008bf00000| Untracked 
| 192|0x000000008c000000, 0x000000008c000000, 0x000000008c100000|  0%| F|  |TAMS 0x000000008c000000, 0x000000008c000000| Untracked 
| 193|0x000000008c100000, 0x000000008c100000, 0x000000008c200000|  0%| F|  |TAMS 0x000000008c100000, 0x000000008c100000| Untracked 
| 194|0x000000008c200000, 0x000000008c200000, 0x000000008c300000|  0%| F|  |TAMS 0x000000008c200000, 0x000000008c200000| Untracked 
| 195|0x000000008c300000, 0x000000008c300000, 0x000000008c400000|  0%| F|  |TAMS 0x000000008c300000, 0x000000008c300000| Untracked 
| 196|0x000000008c400000, 0x000000008c400000, 0x000000008c500000|  0%| F|  |TAMS 0x000000008c400000, 0x000000008c400000| Untracked 
| 197|0x000000008c500000, 0x000000008c500000, 0x000000008c600000|  0%| F|  |TAMS 0x000000008c500000, 0x000000008c500000| Untracked 
| 198|0x000000008c600000, 0x000000008c600000, 0x000000008c700000|  0%| F|  |TAMS 0x000000008c600000, 0x000000008c600000| Untracked 
| 199|0x000000008c700000, 0x000000008c700000, 0x000000008c800000|  0%| F|  |TAMS 0x000000008c700000, 0x000000008c700000| Untracked 
| 200|0x000000008c800000, 0x000000008c800000, 0x000000008c900000|  0%| F|  |TAMS 0x000000008c800000, 0x000000008c800000| Untracked 
| 201|0x000000008c900000, 0x000000008c900000, 0x000000008ca00000|  0%| F|  |TAMS 0x000000008c900000, 0x000000008c900000| Untracked 
| 202|0x000000008ca00000, 0x000000008ca00000, 0x000000008cb00000|  0%| F|  |TAMS 0x000000008ca00000, 0x000000008ca00000| Untracked 
| 203|0x000000008cb00000, 0x000000008cb00000, 0x000000008cc00000|  0%| F|  |TAMS 0x000000008cb00000, 0x000000008cb00000| Untracked 
| 204|0x000000008cc00000, 0x000000008cc00000, 0x000000008cd00000|  0%| F|  |TAMS 0x000000008cc00000, 0x000000008cc00000| Untracked 
| 205|0x000000008cd00000, 0x000000008cd00000, 0x000000008ce00000|  0%| F|  |TAMS 0x000000008cd00000, 0x000000008cd00000| Untracked 
| 206|0x000000008ce00000, 0x000000008cebdce0, 0x000000008cf00000| 74%| S|CS|TAMS 0x000000008ce00000, 0x000000008ce00000| Complete 
| 207|0x000000008cf00000, 0x000000008d000000, 0x000000008d000000|100%| S|CS|TAMS 0x000000008cf00000, 0x000000008cf00000| Complete 
| 208|0x000000008d000000, 0x000000008d000000, 0x000000008d100000|  0%| F|  |TAMS 0x000000008d000000, 0x000000008d000000| Untracked 
| 209|0x000000008d100000, 0x000000008d100000, 0x000000008d200000|  0%| F|  |TAMS 0x000000008d100000, 0x000000008d100000| Untracked 
| 210|0x000000008d200000, 0x000000008d300000, 0x000000008d300000|100%| S|CS|TAMS 0x000000008d200000, 0x000000008d200000| Complete 
| 211|0x000000008d300000, 0x000000008d400000, 0x000000008d400000|100%| S|CS|TAMS 0x000000008d300000, 0x000000008d300000| Complete 
| 212|0x000000008d400000, 0x000000008d500000, 0x000000008d500000|100%| S|CS|TAMS 0x000000008d400000, 0x000000008d400000| Complete 
| 213|0x000000008d500000, 0x000000008d600000, 0x000000008d600000|100%| S|CS|TAMS 0x000000008d500000, 0x000000008d500000| Complete 
| 214|0x000000008d600000, 0x000000008d700000, 0x000000008d700000|100%| S|CS|TAMS 0x000000008d600000, 0x000000008d600000| Complete 
| 215|0x000000008d700000, 0x000000008d700000, 0x000000008d800000|  0%| F|  |TAMS 0x000000008d700000, 0x000000008d700000| Untracked 
| 216|0x000000008d800000, 0x000000008d800000, 0x000000008d900000|  0%| F|  |TAMS 0x000000008d800000, 0x000000008d800000| Untracked 
| 217|0x000000008d900000, 0x000000008d900000, 0x000000008da00000|  0%| F|  |TAMS 0x000000008d900000, 0x000000008d900000| Untracked 
| 218|0x000000008da00000, 0x000000008da00000, 0x000000008db00000|  0%| F|  |TAMS 0x000000008da00000, 0x000000008da00000| Untracked 
| 219|0x000000008db00000, 0x000000008db00000, 0x000000008dc00000|  0%| F|  |TAMS 0x000000008db00000, 0x000000008db00000| Untracked 
| 220|0x000000008dc00000, 0x000000008dc00000, 0x000000008dd00000|  0%| F|  |TAMS 0x000000008dc00000, 0x000000008dc00000| Untracked 
| 221|0x000000008dd00000, 0x000000008dd00000, 0x000000008de00000|  0%| F|  |TAMS 0x000000008dd00000, 0x000000008dd00000| Untracked 
| 222|0x000000008de00000, 0x000000008de00000, 0x000000008df00000|  0%| F|  |TAMS 0x000000008de00000, 0x000000008de00000| Untracked 
| 223|0x000000008df00000, 0x000000008df00000, 0x000000008e000000|  0%| F|  |TAMS 0x000000008df00000, 0x000000008df00000| Untracked 
| 224|0x000000008e000000, 0x000000008e000000, 0x000000008e100000|  0%| F|  |TAMS 0x000000008e000000, 0x000000008e000000| Untracked 
| 225|0x000000008e100000, 0x000000008e100000, 0x000000008e200000|  0%| F|  |TAMS 0x000000008e100000, 0x000000008e100000| Untracked 
| 226|0x000000008e200000, 0x000000008e200000, 0x000000008e300000|  0%| F|  |TAMS 0x000000008e200000, 0x000000008e200000| Untracked 
| 227|0x000000008e300000, 0x000000008e300000, 0x000000008e400000|  0%| F|  |TAMS 0x000000008e300000, 0x000000008e300000| Untracked 
| 228|0x000000008e400000, 0x000000008e400000, 0x000000008e500000|  0%| F|  |TAMS 0x000000008e400000, 0x000000008e400000| Untracked 
| 229|0x000000008e500000, 0x000000008e500000, 0x000000008e600000|  0%| F|  |TAMS 0x000000008e500000, 0x000000008e500000| Untracked 
| 230|0x000000008e600000, 0x000000008e600000, 0x000000008e700000|  0%| F|  |TAMS 0x000000008e600000, 0x000000008e600000| Untracked 
| 231|0x000000008e700000, 0x000000008e700000, 0x000000008e800000|  0%| F|  |TAMS 0x000000008e700000, 0x000000008e700000| Untracked 
| 232|0x000000008e800000, 0x000000008e800000, 0x000000008e900000|  0%| F|  |TAMS 0x000000008e800000, 0x000000008e800000| Untracked 
| 233|0x000000008e900000, 0x000000008e900000, 0x000000008ea00000|  0%| F|  |TAMS 0x000000008e900000, 0x000000008e900000| Untracked 
| 234|0x000000008ea00000, 0x000000008ea00000, 0x000000008eb00000|  0%| F|  |TAMS 0x000000008ea00000, 0x000000008ea00000| Untracked 
| 235|0x000000008eb00000, 0x000000008eb00000, 0x000000008ec00000|  0%| F|  |TAMS 0x000000008eb00000, 0x000000008eb00000| Untracked 
| 236|0x000000008ec00000, 0x000000008ec00000, 0x000000008ed00000|  0%| F|  |TAMS 0x000000008ec00000, 0x000000008ec00000| Untracked 
| 237|0x000000008ed00000, 0x000000008ed00000, 0x000000008ee00000|  0%| F|  |TAMS 0x000000008ed00000, 0x000000008ed00000| Untracked 
| 238|0x000000008ee00000, 0x000000008ee00000, 0x000000008ef00000|  0%| F|  |TAMS 0x000000008ee00000, 0x000000008ee00000| Untracked 
| 239|0x000000008ef00000, 0x000000008ef00000, 0x000000008f000000|  0%| F|  |TAMS 0x000000008ef00000, 0x000000008ef00000| Untracked 
| 240|0x000000008f000000, 0x000000008f000000, 0x000000008f100000|  0%| F|  |TAMS 0x000000008f000000, 0x000000008f000000| Untracked 
| 241|0x000000008f100000, 0x000000008f100000, 0x000000008f200000|  0%| F|  |TAMS 0x000000008f100000, 0x000000008f100000| Untracked 
| 242|0x000000008f200000, 0x000000008f200000, 0x000000008f300000|  0%| F|  |TAMS 0x000000008f200000, 0x000000008f200000| Untracked 
| 243|0x000000008f300000, 0x000000008f300000, 0x000000008f400000|  0%| F|  |TAMS 0x000000008f300000, 0x000000008f300000| Untracked 
| 244|0x000000008f400000, 0x000000008f400000, 0x000000008f500000|  0%| F|  |TAMS 0x000000008f400000, 0x000000008f400000| Untracked 
| 245|0x000000008f500000, 0x000000008f500000, 0x000000008f600000|  0%| F|  |TAMS 0x000000008f500000, 0x000000008f500000| Untracked 
| 246|0x000000008f600000, 0x000000008f600000, 0x000000008f700000|  0%| F|  |TAMS 0x000000008f600000, 0x000000008f600000| Untracked 
| 247|0x000000008f700000, 0x000000008f700000, 0x000000008f800000|  0%| F|  |TAMS 0x000000008f700000, 0x000000008f700000| Untracked 
| 248|0x000000008f800000, 0x000000008f800000, 0x000000008f900000|  0%| F|  |TAMS 0x000000008f800000, 0x000000008f800000| Untracked 
| 249|0x000000008f900000, 0x000000008f900000, 0x000000008fa00000|  0%| F|  |TAMS 0x000000008f900000, 0x000000008f900000| Untracked 
| 250|0x000000008fa00000, 0x000000008fa00000, 0x000000008fb00000|  0%| F|  |TAMS 0x000000008fa00000, 0x000000008fa00000| Untracked 
| 251|0x000000008fb00000, 0x000000008fb00000, 0x000000008fc00000|  0%| F|  |TAMS 0x000000008fb00000, 0x000000008fb00000| Untracked 
| 252|0x000000008fc00000, 0x000000008fc00000, 0x000000008fd00000|  0%| F|  |TAMS 0x000000008fc00000, 0x000000008fc00000| Untracked 
| 253|0x000000008fd00000, 0x000000008fd00000, 0x000000008fe00000|  0%| F|  |TAMS 0x000000008fd00000, 0x000000008fd00000| Untracked 
| 254|0x000000008fe00000, 0x000000008fe00000, 0x000000008ff00000|  0%| F|  |TAMS 0x000000008fe00000, 0x000000008fe00000| Untracked 
| 255|0x000000008ff00000, 0x000000008ff00000, 0x0000000090000000|  0%| F|  |TAMS 0x000000008ff00000, 0x000000008ff00000| Untracked 
| 256|0x0000000090000000, 0x0000000090000000, 0x0000000090100000|  0%| F|  |TAMS 0x0000000090000000, 0x0000000090000000| Untracked 
| 257|0x0000000090100000, 0x0000000090100000, 0x0000000090200000|  0%| F|  |TAMS 0x0000000090100000, 0x0000000090100000| Untracked 
| 258|0x0000000090200000, 0x0000000090200000, 0x0000000090300000|  0%| F|  |TAMS 0x0000000090200000, 0x0000000090200000| Untracked 
| 259|0x0000000090300000, 0x0000000090300000, 0x0000000090400000|  0%| F|  |TAMS 0x0000000090300000, 0x0000000090300000| Untracked 
| 260|0x0000000090400000, 0x0000000090400000, 0x0000000090500000|  0%| F|  |TAMS 0x0000000090400000, 0x0000000090400000| Untracked 
| 261|0x0000000090500000, 0x0000000090500000, 0x0000000090600000|  0%| F|  |TAMS 0x0000000090500000, 0x0000000090500000| Untracked 
| 262|0x0000000090600000, 0x0000000090600000, 0x0000000090700000|  0%| F|  |TAMS 0x0000000090600000, 0x0000000090600000| Untracked 
| 263|0x0000000090700000, 0x0000000090771800, 0x0000000090800000| 44%| E|  |TAMS 0x0000000090700000, 0x0000000090700000| Complete 
| 264|0x0000000090800000, 0x0000000090900000, 0x0000000090900000|100%| E|CS|TAMS 0x0000000090800000, 0x0000000090800000| Complete 
| 265|0x0000000090900000, 0x0000000090a00000, 0x0000000090a00000|100%| E|CS|TAMS 0x0000000090900000, 0x0000000090900000| Complete 
| 266|0x0000000090a00000, 0x0000000090b00000, 0x0000000090b00000|100%| E|CS|TAMS 0x0000000090a00000, 0x0000000090a00000| Complete 
| 267|0x0000000090b00000, 0x0000000090c00000, 0x0000000090c00000|100%| E|CS|TAMS 0x0000000090b00000, 0x0000000090b00000| Complete 
| 268|0x0000000090c00000, 0x0000000090d00000, 0x0000000090d00000|100%| E|CS|TAMS 0x0000000090c00000, 0x0000000090c00000| Complete 
| 269|0x0000000090d00000, 0x0000000090e00000, 0x0000000090e00000|100%| E|CS|TAMS 0x0000000090d00000, 0x0000000090d00000| Complete 
| 270|0x0000000090e00000, 0x0000000090f00000, 0x0000000090f00000|100%| E|CS|TAMS 0x0000000090e00000, 0x0000000090e00000| Complete 
| 271|0x0000000090f00000, 0x0000000091000000, 0x0000000091000000|100%| E|CS|TAMS 0x0000000090f00000, 0x0000000090f00000| Complete 
| 272|0x0000000091000000, 0x0000000091100000, 0x0000000091100000|100%| E|CS|TAMS 0x0000000091000000, 0x0000000091000000| Complete 
| 273|0x0000000091100000, 0x0000000091200000, 0x0000000091200000|100%| E|CS|TAMS 0x0000000091100000, 0x0000000091100000| Complete 
| 274|0x0000000091200000, 0x0000000091300000, 0x0000000091300000|100%| E|CS|TAMS 0x0000000091200000, 0x0000000091200000| Complete 
| 275|0x0000000091300000, 0x0000000091400000, 0x0000000091400000|100%| E|CS|TAMS 0x0000000091300000, 0x0000000091300000| Complete 
| 276|0x0000000091400000, 0x0000000091500000, 0x0000000091500000|100%| E|CS|TAMS 0x0000000091400000, 0x0000000091400000| Complete 
| 277|0x0000000091500000, 0x0000000091600000, 0x0000000091600000|100%| E|CS|TAMS 0x0000000091500000, 0x0000000091500000| Complete 
| 278|0x0000000091600000, 0x0000000091700000, 0x0000000091700000|100%| E|CS|TAMS 0x0000000091600000, 0x0000000091600000| Complete 
| 279|0x0000000091700000, 0x0000000091800000, 0x0000000091800000|100%| E|CS|TAMS 0x0000000091700000, 0x0000000091700000| Complete 
| 280|0x0000000091800000, 0x0000000091900000, 0x0000000091900000|100%| E|CS|TAMS 0x0000000091800000, 0x0000000091800000| Complete 
| 281|0x0000000091900000, 0x0000000091a00000, 0x0000000091a00000|100%| E|CS|TAMS 0x0000000091900000, 0x0000000091900000| Complete 
| 282|0x0000000091a00000, 0x0000000091b00000, 0x0000000091b00000|100%| E|CS|TAMS 0x0000000091a00000, 0x0000000091a00000| Complete 
| 283|0x0000000091b00000, 0x0000000091c00000, 0x0000000091c00000|100%| E|CS|TAMS 0x0000000091b00000, 0x0000000091b00000| Complete 

Card table byte_map: [0x000001c61a560000,0x000001c61a960000] _byte_map_base: 0x000001c61a160000

Marking Bits (Prev, Next): (CMBitMap*) 0x000001c6036b9160, (CMBitMap*) 0x000001c6036b91a0
 Prev Bits: [0x000001c61ad60000, 0x000001c61cd60000)
 Next Bits: [0x000001c61cd60000, 0x000001c61ed60000)

Polling page: 0x000001c601500000

Metaspace:

Usage:
  Non-class:     94.25 MB used.
      Class:     15.02 MB used.
       Both:    109.28 MB used.

Virtual space:
  Non-class space:      128.00 MB reserved,      94.81 MB ( 74%) committed,  2 nodes.
      Class space:      416.00 MB reserved,      15.50 MB (  4%) committed,  1 nodes.
             Both:      544.00 MB reserved,     110.31 MB ( 20%) committed. 

Chunk freelists:
   Non-Class:  1.19 MB
       Class:  457.00 KB
        Both:  1.64 MB

MaxMetaspaceSize: 512.00 MB
CompressedClassSpaceSize: 416.00 MB
Initial GC threshold: 21.00 MB
Current GC threshold: 135.75 MB
CDS: on
MetaspaceReclaimPolicy: balanced
 - commit_granule_bytes: 65536.
 - commit_granule_words: 8192.
 - virtual_space_node_default_size: 8388608.
 - enlarge_chunks_in_place: 1.
 - new_chunks_are_fully_committed: 0.
 - uncommit_free_chunks: 1.
 - use_allocation_guard: 0.
 - handle_deallocations: 1.


Internal statistics:

num_allocs_failed_limit: 6.
num_arena_births: 1360.
num_arena_deaths: 0.
num_vsnodes_births: 3.
num_vsnodes_deaths: 0.
num_space_committed: 1765.
num_space_uncommitted: 0.
num_chunks_returned_to_freelist: 6.
num_chunks_taken_from_freelist: 6069.
num_chunk_merges: 6.
num_chunk_splits: 3946.
num_chunks_enlarged: 2558.
num_inconsistent_stats: 0.

CodeHeap 'non-profiled nmethods': size=120000Kb used=9443Kb max_used=9443Kb free=110556Kb
 bounds [0x000001c612c30000, 0x000001c613570000, 0x000001c61a160000]
CodeHeap 'profiled nmethods': size=120000Kb used=27832Kb max_used=27832Kb free=92167Kb
 bounds [0x000001c60b160000, 0x000001c60cc90000, 0x000001c612690000]
CodeHeap 'non-nmethods': size=5760Kb used=2444Kb max_used=2505Kb free=3315Kb
 bounds [0x000001c612690000, 0x000001c612920000, 0x000001c612c30000]
 total_blobs=15012 nmethods=14029 adapters=895
 compilation: enabled
              stopped_count=0, restarted_count=0
 full_count=0

Compilation events (20 events):
Event: 120.435 Thread 0x000001c621206510 nmethod 16293 0x000001c613563410 code [0x000001c6135635a0, 0x000001c6135636b8]
Event: 120.456 Thread 0x000001c621206510 16294       4       java.util.concurrent.locks.AbstractQueuedSynchronizer$ConditionObject::doSignal (54 bytes)
Event: 120.464 Thread 0x000001c621206510 nmethod 16294 0x000001c613563810 code [0x000001c6135639a0, 0x000001c613563fa8]
Event: 120.464 Thread 0x000001c621206510 16295       4       org.gradle.internal.snapshot.DirectorySnapshot$$Lambda$483/0x000001c62342a230::apply (8 bytes)
Event: 120.467 Thread 0x000001c621206510 nmethod 16295 0x000001c613564190 code [0x000001c613564320, 0x000001c6135645f8]
Event: 120.589 Thread 0x000001c621206510 16296       4       com.google.common.cache.LocalCache$LocalManualCache::get (23 bytes)
Event: 120.591 Thread 0x000001c621206510 nmethod 16296 0x000001c613564710 code [0x000001c6135648a0, 0x000001c6135649e8]
Event: 120.649 Thread 0x000001c621206510 16297       4       org.gradle.internal.file.impl.DefaultFileMetadata::file (15 bytes)
Event: 120.651 Thread 0x000001c621206510 nmethod 16297 0x000001c613564b90 code [0x000001c613564d20, 0x000001c613564df8]
Event: 120.763 Thread 0x000001c621206510 16298       4       sun.nio.fs.WindowsFileAttributes::isSymbolicLink (15 bytes)
Event: 120.763 Thread 0x000001c621206510 nmethod 16298 0x000001c613564e90 code [0x000001c613565000, 0x000001c613565098]
Event: 120.782 Thread 0x000001c621206510 16299       4       com.google.common.cache.LocalCache$Segment::newEntry (18 bytes)
Event: 120.789 Thread 0x000001c621206510 nmethod 16299 0x000001c613565190 code [0x000001c613565340, 0x000001c613565958]
Event: 120.808 Thread 0x000001c621206510 16300       4       java.util.concurrent.FutureTask::get (23 bytes)
Event: 120.817 Thread 0x000001c621206510 nmethod 16300 0x000001c613565b10 code [0x000001c613565ca0, 0x000001c613566488]
Event: 120.897 Thread 0x000001c621206510 16301       4       org.gradle.cache.internal.DefaultFileLockManager$DefaultFileLock::assertOpenAndIntegral (41 bytes)
Event: 120.899 Thread 0x000001c621206510 nmethod 16301 0x000001c613566710 code [0x000001c6135668a0, 0x000001c6135669b8]
Event: 120.901 Thread 0x000001c621206510 16302       4       java.util.concurrent.ArrayBlockingQueue::enqueue (53 bytes)
Event: 120.911 Thread 0x000001c621206510 nmethod 16302 0x000001c613566b10 code [0x000001c613566cc0, 0x000001c613567588]
Event: 120.911 Thread 0x000001c621206510 16303   !   4       org.gradle.cache.internal.DefaultMultiProcessSafeIndexedCache::getIfPresent (25 bytes)

GC Heap History (20 events):
Event: 79.845 GC heap before
{Heap before GC invocations=53 (full 0):
 garbage-first heap   total 145408K, used 115652K [0x0000000080000000, 0x0000000100000000)
  region size 1024K, 23 young (23552K), 2 survivors (2048K)
 Metaspace       used 88044K, committed 88832K, reserved 557056K
  class space    used 12054K, committed 12416K, reserved 425984K
}
Event: 79.849 GC heap after
{Heap after GC invocations=54 (full 0):
 garbage-first heap   total 145408K, used 95887K [0x0000000080000000, 0x0000000100000000)
  region size 1024K, 2 young (2048K), 2 survivors (2048K)
 Metaspace       used 88044K, committed 88832K, reserved 557056K
  class space    used 12054K, committed 12416K, reserved 425984K
}
Event: 80.227 GC heap before
{Heap before GC invocations=54 (full 0):
 garbage-first heap   total 145408K, used 118415K [0x0000000080000000, 0x0000000100000000)
  region size 1024K, 25 young (25600K), 2 survivors (2048K)
 Metaspace       used 89843K, committed 90624K, reserved 557056K
  class space    used 12279K, committed 12608K, reserved 425984K
}
Event: 80.231 GC heap after
{Heap after GC invocations=55 (full 0):
 garbage-first heap   total 145408K, used 96911K [0x0000000080000000, 0x0000000100000000)
  region size 1024K, 3 young (3072K), 3 survivors (3072K)
 Metaspace       used 89843K, committed 90624K, reserved 557056K
  class space    used 12279K, committed 12608K, reserved 425984K
}
Event: 80.708 GC heap before
{Heap before GC invocations=55 (full 0):
 garbage-first heap   total 145408K, used 120463K [0x0000000080000000, 0x0000000100000000)
  region size 1024K, 26 young (26624K), 3 survivors (3072K)
 Metaspace       used 90273K, committed 91072K, reserved 557056K
  class space    used 12359K, committed 12736K, reserved 425984K
}
Event: 80.716 GC heap after
{Heap after GC invocations=56 (full 0):
 garbage-first heap   total 145408K, used 98122K [0x0000000080000000, 0x0000000100000000)
  region size 1024K, 4 young (4096K), 4 survivors (4096K)
 Metaspace       used 90273K, committed 91072K, reserved 557056K
  class space    used 12359K, committed 12736K, reserved 425984K
}
Event: 84.725 GC heap before
{Heap before GC invocations=56 (full 0):
 garbage-first heap   total 145408K, used 120650K [0x0000000080000000, 0x0000000100000000)
  region size 1024K, 26 young (26624K), 4 survivors (4096K)
 Metaspace       used 90473K, committed 91200K, reserved 557056K
  class space    used 12385K, committed 12736K, reserved 425984K
}
Event: 84.733 GC heap after
{Heap after GC invocations=57 (full 0):
 garbage-first heap   total 290816K, used 100290K [0x0000000080000000, 0x0000000100000000)
  region size 1024K, 4 young (4096K), 4 survivors (4096K)
 Metaspace       used 90473K, committed 91200K, reserved 557056K
  class space    used 12385K, committed 12736K, reserved 425984K
}
Event: 89.510 GC heap before
{Heap before GC invocations=57 (full 0):
 garbage-first heap   total 290816K, used 218050K [0x0000000080000000, 0x0000000100000000)
  region size 1024K, 119 young (121856K), 4 survivors (4096K)
 Metaspace       used 98167K, committed 98944K, reserved 557056K
  class space    used 13618K, committed 13952K, reserved 425984K
}
Event: 89.528 GC heap after
{Heap after GC invocations=58 (full 0):
 garbage-first heap   total 290816K, used 104969K [0x0000000080000000, 0x0000000100000000)
  region size 1024K, 8 young (8192K), 8 survivors (8192K)
 Metaspace       used 98167K, committed 98944K, reserved 557056K
  class space    used 13618K, committed 13952K, reserved 425984K
}
Event: 102.829 GC heap before
{Heap before GC invocations=58 (full 0):
 garbage-first heap   total 290816K, used 232969K [0x0000000080000000, 0x0000000100000000)
  region size 1024K, 128 young (131072K), 8 survivors (8192K)
 Metaspace       used 101141K, committed 102144K, reserved 557056K
  class space    used 14023K, committed 14464K, reserved 425984K
}
Event: 102.863 GC heap after
{Heap after GC invocations=59 (full 0):
 garbage-first heap   total 290816K, used 133962K [0x0000000080000000, 0x0000000100000000)
  region size 1024K, 16 young (16384K), 16 survivors (16384K)
 Metaspace       used 101141K, committed 102144K, reserved 557056K
  class space    used 14023K, committed 14464K, reserved 425984K
}
Event: 110.554 GC heap before
{Heap before GC invocations=59 (full 0):
 garbage-first heap   total 290816K, used 228170K [0x0000000080000000, 0x0000000100000000)
  region size 1024K, 107 young (109568K), 16 survivors (16384K)
 Metaspace       used 105263K, committed 106240K, reserved 557056K
  class space    used 14530K, committed 14976K, reserved 425984K
}
Event: 110.583 GC heap after
{Heap after GC invocations=60 (full 0):
 garbage-first heap   total 290816K, used 151028K [0x0000000080000000, 0x0000000100000000)
  region size 1024K, 14 young (14336K), 14 survivors (14336K)
 Metaspace       used 105263K, committed 106240K, reserved 557056K
  class space    used 14530K, committed 14976K, reserved 425984K
}
Event: 114.297 GC heap before
{Heap before GC invocations=60 (full 0):
 garbage-first heap   total 290816K, used 228852K [0x0000000080000000, 0x0000000100000000)
  region size 1024K, 90 young (92160K), 14 survivors (14336K)
 Metaspace       used 109707K, committed 110720K, reserved 557056K
  class space    used 15148K, committed 15616K, reserved 425984K
}
Event: 114.331 GC heap after
{Heap after GC invocations=61 (full 0):
 garbage-first heap   total 290816K, used 157184K [0x0000000080000000, 0x0000000100000000)
  region size 1024K, 7 young (7168K), 7 survivors (7168K)
 Metaspace       used 109707K, committed 110720K, reserved 557056K
  class space    used 15148K, committed 15616K, reserved 425984K
}
Event: 116.103 GC heap before
{Heap before GC invocations=61 (full 0):
 garbage-first heap   total 290816K, used 232960K [0x0000000080000000, 0x0000000100000000)
  region size 1024K, 81 young (82944K), 7 survivors (7168K)
 Metaspace       used 110731K, committed 111808K, reserved 557056K
  class space    used 15245K, committed 15744K, reserved 425984K
}
Event: 116.130 GC heap after
{Heap after GC invocations=62 (full 0):
 garbage-first heap   total 290816K, used 165888K [0x0000000080000000, 0x0000000100000000)
  region size 1024K, 8 young (8192K), 8 survivors (8192K)
 Metaspace       used 110731K, committed 111808K, reserved 557056K
  class space    used 15245K, committed 15744K, reserved 425984K
}
Event: 119.535 GC heap before
{Heap before GC invocations=62 (full 0):
 garbage-first heap   total 290816K, used 236544K [0x0000000080000000, 0x0000000100000000)
  region size 1024K, 77 young (78848K), 8 survivors (8192K)
 Metaspace       used 111875K, committed 112960K, reserved 557056K
  class space    used 15383K, committed 15872K, reserved 425984K
}
Event: 119.557 GC heap after
{Heap after GC invocations=63 (full 0):
 garbage-first heap   total 290816K, used 172791K [0x0000000080000000, 0x0000000100000000)
  region size 1024K, 7 young (7168K), 7 survivors (7168K)
 Metaspace       used 111875K, committed 112960K, reserved 557056K
  class space    used 15383K, committed 15872K, reserved 425984K
}

Dll operation events (14 events):
Event: 0.057 Loaded shared library C:\Program Files\Microsoft\jdk-17.0.8.7-hotspot\bin\java.dll
Event: 0.089 Loaded shared library C:\Program Files\Microsoft\jdk-17.0.8.7-hotspot\bin\jsvml.dll
Event: 0.193 Loaded shared library C:\Program Files\Microsoft\jdk-17.0.8.7-hotspot\bin\zip.dll
Event: 0.223 Loaded shared library C:\Program Files\Microsoft\jdk-17.0.8.7-hotspot\bin\instrument.dll
Event: 0.243 Loaded shared library C:\Program Files\Microsoft\jdk-17.0.8.7-hotspot\bin\net.dll
Event: 0.247 Loaded shared library C:\Program Files\Microsoft\jdk-17.0.8.7-hotspot\bin\nio.dll
Event: 0.253 Loaded shared library C:\Program Files\Microsoft\jdk-17.0.8.7-hotspot\bin\zip.dll
Event: 0.743 Loaded shared library C:\Program Files\Microsoft\jdk-17.0.8.7-hotspot\bin\jimage.dll
Event: 0.878 Loaded shared library C:\Program Files\Microsoft\jdk-17.0.8.7-hotspot\bin\verify.dll
Event: 1.098 Loaded shared library C:\Users\Hassan Shah\.gradle\native\68d5fa5c4cc2d200863cafc0d521ce42e7d3e7ee720ec0a83991735586a16f82\windows-amd64\native-platform.dll
Event: 1.168 Loaded shared library C:\Users\Hassan Shah\.gradle\native\e376f236ea51e6404a007f0833ffe2c6e607c4080706a723a18a27aeea778392\windows-amd64\native-platform-file-events.dll
Event: 5.341 Loaded shared library C:\Program Files\Microsoft\jdk-17.0.8.7-hotspot\bin\management.dll
Event: 5.344 Loaded shared library C:\Program Files\Microsoft\jdk-17.0.8.7-hotspot\bin\management_ext.dll
Event: 6.231 Loaded shared library C:\Program Files\Microsoft\jdk-17.0.8.7-hotspot\bin\sunmscapi.dll

Deoptimization events (20 events):
Event: 119.132 Thread 0x000001c643599f90 Uncommon trap: trap_request=0xffffff76 fr.pc=0x000001c613395560 relative=0x0000000000000820
Event: 119.132 Thread 0x000001c643599f90 Uncommon trap: reason=predicate action=maybe_recompile pc=0x000001c613395560 method=java.util.ComparableTimSort.binarySort([Ljava/lang/Object;III)V @ 34 c2
Event: 119.132 Thread 0x000001c643599f90 DEOPT PACKING pc=0x000001c613395560 sp=0x0000007321efb2a0
Event: 119.132 Thread 0x000001c643599f90 DEOPT UNPACKING pc=0x000001c6126e69a3 sp=0x0000007321efb248 mode 2
Event: 119.195 Thread 0x000001c643599f90 Uncommon trap: trap_request=0xffffffc6 fr.pc=0x000001c61349ab40 relative=0x00000000000000a0
Event: 119.195 Thread 0x000001c643599f90 Uncommon trap: reason=bimorphic_or_optimized_type_check action=maybe_recompile pc=0x000001c61349ab40 method=org.gradle.execution.plan.ActionNode.hasPendingPreExecutionNodes()Z @ 11 c2
Event: 119.195 Thread 0x000001c643599f90 DEOPT PACKING pc=0x000001c61349ab40 sp=0x0000007321efdc20
Event: 119.195 Thread 0x000001c643599f90 DEOPT UNPACKING pc=0x000001c6126e69a3 sp=0x0000007321efdba8 mode 2
Event: 119.201 Thread 0x000001c643599f90 Uncommon trap: trap_request=0xffffffc6 fr.pc=0x000001c61349ab40 relative=0x00000000000000a0
Event: 119.201 Thread 0x000001c643599f90 Uncommon trap: reason=bimorphic_or_optimized_type_check action=maybe_recompile pc=0x000001c61349ab40 method=org.gradle.execution.plan.ActionNode.hasPendingPreExecutionNodes()Z @ 11 c2
Event: 119.201 Thread 0x000001c643599f90 DEOPT PACKING pc=0x000001c61349ab40 sp=0x0000007321efdc20
Event: 119.201 Thread 0x000001c643599f90 DEOPT UNPACKING pc=0x000001c6126e69a3 sp=0x0000007321efdba8 mode 2
Event: 119.207 Thread 0x000001c643599f90 Uncommon trap: trap_request=0xffffffc6 fr.pc=0x000001c61349ab40 relative=0x00000000000000a0
Event: 119.207 Thread 0x000001c643599f90 Uncommon trap: reason=bimorphic_or_optimized_type_check action=maybe_recompile pc=0x000001c61349ab40 method=org.gradle.execution.plan.ActionNode.hasPendingPreExecutionNodes()Z @ 11 c2
Event: 119.207 Thread 0x000001c643599f90 DEOPT PACKING pc=0x000001c61349ab40 sp=0x0000007321efdc20
Event: 119.207 Thread 0x000001c643599f90 DEOPT UNPACKING pc=0x000001c6126e69a3 sp=0x0000007321efdba8 mode 2
Event: 119.230 Thread 0x000001c643599f90 Uncommon trap: trap_request=0xffffffc6 fr.pc=0x000001c61349ab40 relative=0x00000000000000a0
Event: 119.230 Thread 0x000001c643599f90 Uncommon trap: reason=bimorphic_or_optimized_type_check action=maybe_recompile pc=0x000001c61349ab40 method=org.gradle.execution.plan.ActionNode.hasPendingPreExecutionNodes()Z @ 11 c2
Event: 119.230 Thread 0x000001c643599f90 DEOPT PACKING pc=0x000001c61349ab40 sp=0x0000007321efdc20
Event: 119.230 Thread 0x000001c643599f90 DEOPT UNPACKING pc=0x000001c6126e69a3 sp=0x0000007321efdba8 mode 2

Classes unloaded (0 events):
No events

Classes redefined (0 events):
No events

Internal exceptions (20 events):
Event: 111.476 Thread 0x000001c641c1acd0 Exception <a 'sun/nio/fs/WindowsException'{0x0000000090707338}> (0x0000000090707338) 
thrown [s\src\hotspot\share\prims\jni.cpp, line 516]
Event: 111.476 Thread 0x000001c641c1acd0 Exception <a 'sun/nio/fs/WindowsException'{0x00000000907089f8}> (0x00000000907089f8) 
thrown [s\src\hotspot\share\prims\jni.cpp, line 516]
Event: 111.476 Thread 0x000001c641c1acd0 Exception <a 'sun/nio/fs/WindowsException'{0x000000009070a0b8}> (0x000000009070a0b8) 
thrown [s\src\hotspot\share\prims\jni.cpp, line 516]
Event: 111.901 Thread 0x000001c641c1acd0 Implicit null exception at 0x000001c61331c8ea to 0x000001c61331d7e8
Event: 113.993 Thread 0x000001c641c1acd0 Implicit null exception at 0x000001c612faec43 to 0x000001c612faecf7
Event: 114.331 Thread 0x000001c6211eef30 Implicit null exception at 0x000001c613312f7d to 0x000001c6133135ac
Event: 114.542 Thread 0x000001c641c1acd0 Exception <a 'java/lang/IncompatibleClassChangeError'{0x00000000912cfc70}: Found class java.lang.Object, but interface was expected> (0x00000000912cfc70) 
thrown [s\src\hotspot\share\interpreter\linkResolver.cpp, line 826]
Event: 114.859 Thread 0x000001c641c1acd0 Exception <a 'sun/nio/fs/WindowsException'{0x0000000090954ee8}> (0x0000000090954ee8) 
thrown [s\src\hotspot\share\prims\jni.cpp, line 516]
Event: 114.859 Thread 0x000001c641c1acd0 Exception <a 'sun/nio/fs/WindowsException'{0x0000000090956558}> (0x0000000090956558) 
thrown [s\src\hotspot\share\prims\jni.cpp, line 516]
Event: 114.859 Thread 0x000001c641c1acd0 Exception <a 'sun/nio/fs/WindowsException'{0x0000000090957c18}> (0x0000000090957c18) 
thrown [s\src\hotspot\share\prims\jni.cpp, line 516]
Event: 114.859 Thread 0x000001c641c1acd0 Exception <a 'sun/nio/fs/WindowsException'{0x00000000909592d8}> (0x00000000909592d8) 
thrown [s\src\hotspot\share\prims\jni.cpp, line 516]
Event: 116.325 Thread 0x000001c64359bdf0 Exception <a 'java/lang/NoSuchMethodError'{0x00000000913048e0}: 'void java.lang.invoke.DirectMethodHandle$Holder.invokeStatic(java.lang.Object, java.lang.Object, java.lang.Object, java.lang.Object, int, java.lang.Object, java.lang.Object)'> (0x00000000913048e0) 
thrown [s\src\hotspot\share\interpreter\linkResolver.cpp, line 759]
Event: 116.419 Thread 0x000001c64359bdf0 Exception <a 'java/lang/NoSuchMethodError'{0x000000009127e048}: 'java.lang.Object java.lang.invoke.DirectMethodHandle$Holder.invokeSpecialIFC(java.lang.Object, java.lang.Object, java.lang.Object)'> (0x000000009127e048) 
thrown [s\src\hotspot\share\interpreter\linkResolver.cpp, line 759]
Event: 119.014 Thread 0x000001c643599570 Exception <a 'java/lang/ClassNotFoundException'{0x000000008e2913a8}: groovy/util/FileTreeBuilderBeanInfo> (0x000000008e2913a8) 
thrown [s\src\hotspot\share\classfile\systemDictionary.cpp, line 256]
Event: 119.015 Thread 0x000001c643599570 Exception <a 'java/lang/ClassNotFoundException'{0x000000008e2f3288}: groovy/util/FileTreeBuilderCustomizer> (0x000000008e2f3288) 
thrown [s\src\hotspot\share\classfile\systemDictionary.cpp, line 256]
Event: 119.055 Thread 0x000001c643599570 Exception <a 'java/lang/ClassNotFoundException'{0x000000008e138420}: java/io/BufferedWriterBeanInfo> (0x000000008e138420) 
thrown [s\src\hotspot\share\classfile\systemDictionary.cpp, line 256]
Event: 119.056 Thread 0x000001c643599570 Exception <a 'java/lang/ClassNotFoundException'{0x000000008e13dab8}: java/io/WriterBeanInfo> (0x000000008e13dab8) 
thrown [s\src\hotspot\share\classfile\systemDictionary.cpp, line 256]
Event: 119.056 Thread 0x000001c643599570 Exception <a 'java/lang/ClassNotFoundException'{0x000000008e142f30}: java/io/WriterCustomizer> (0x000000008e142f30) 
thrown [s\src\hotspot\share\classfile\systemDictionary.cpp, line 256]
Event: 119.057 Thread 0x000001c643599570 Exception <a 'java/lang/ClassNotFoundException'{0x000000008e151508}: java/io/BufferedWriterCustomizer> (0x000000008e151508) 
thrown [s\src\hotspot\share\classfile\systemDictionary.cpp, line 256]
Event: 119.133 Thread 0x000001c643599f90 Exception <a 'java/lang/NoSuchMethodError'{0x000000008e1bd228}: static Lcom/android/build/api/variant/BuildConfigField;.<clinit>()V> (0x000000008e1bd228) 
thrown [s\src\hotspot\share\prims\jni.cpp, line 1107]

VM Operations (20 events):
Event: 116.687 Executing VM operation: ICBufferFull
Event: 116.688 Executing VM operation: ICBufferFull done
Event: 118.098 Executing VM operation: ICBufferFull
Event: 118.099 Executing VM operation: ICBufferFull done
Event: 118.099 Executing VM operation: ICBufferFull
Event: 118.099 Executing VM operation: ICBufferFull done
Event: 119.018 Executing VM operation: HandshakeAllThreads
Event: 119.019 Executing VM operation: HandshakeAllThreads done
Event: 119.021 Executing VM operation: HandshakeAllThreads
Event: 119.022 Executing VM operation: HandshakeAllThreads done
Event: 119.022 Executing VM operation: HandshakeAllThreads
Event: 119.022 Executing VM operation: HandshakeAllThreads done
Event: 119.025 Executing VM operation: ICBufferFull
Event: 119.026 Executing VM operation: ICBufferFull done
Event: 119.128 Executing VM operation: ICBufferFull
Event: 119.128 Executing VM operation: ICBufferFull done
Event: 119.535 Executing VM operation: G1CollectForAllocation
Event: 119.557 Executing VM operation: G1CollectForAllocation done
Event: 120.258 Executing VM operation: HandshakeAllThreads
Event: 120.258 Executing VM operation: HandshakeAllThreads done

Events (20 events):
Event: 119.055 loading class java/io/BufferedWriterBeanInfo
Event: 119.055 loading class java/io/BufferedWriterBeanInfo done
Event: 119.055 loading class java/io/BufferedWriterBeanInfo
Event: 119.055 loading class java/io/BufferedWriterBeanInfo done
Event: 119.055 loading class java/io/WriterBeanInfo
Event: 119.055 loading class java/io/WriterBeanInfo done
Event: 119.055 loading class java/io/WriterBeanInfo
Event: 119.056 loading class java/io/WriterBeanInfo done
Event: 119.056 loading class java/io/WriterCustomizer
Event: 119.056 loading class java/io/WriterCustomizer done
Event: 119.056 loading class java/io/WriterCustomizer
Event: 119.056 loading class java/io/WriterCustomizer done
Event: 119.056 loading class java/io/BufferedWriterCustomizer
Event: 119.056 loading class java/io/BufferedWriterCustomizer done
Event: 119.057 loading class java/io/BufferedWriterCustomizer
Event: 119.057 loading class java/io/BufferedWriterCustomizer done
Event: 119.634 Thread 0x000001c6435a09e0 Thread exited: 0x000001c6435a09e0
Event: 119.634 Thread 0x000001c64359d230 Thread exited: 0x000001c64359d230
Event: 119.649 Thread 0x000001c643599a80 Thread exited: 0x000001c643599a80
Event: 120.322 Thread 0x000001c6429bdae0 Thread exited: 0x000001c6429bdae0


Dynamic libraries:
0x00007ff611f20000 - 0x00007ff611f2e000 	C:\Program Files\Microsoft\jdk-17.0.8.7-hotspot\bin\java.exe
0x00007ffdf0cd0000 - 0x00007ffdf0ec8000 	C:\Windows\SYSTEM32\ntdll.dll
0x00007ffdf0770000 - 0x00007ffdf082d000 	C:\Windows\System32\KERNEL32.DLL
0x00007ffdee830000 - 0x00007ffdeeb26000 	C:\Windows\System32\KERNELBASE.dll
0x00007ffdeec30000 - 0x00007ffdeed30000 	C:\Windows\System32\ucrtbase.dll
0x00007ffdd86f0000 - 0x00007ffdd870b000 	C:\Program Files\Microsoft\jdk-17.0.8.7-hotspot\bin\VCRUNTIME140.dll
0x00007ffdd8710000 - 0x00007ffdd8727000 	C:\Program Files\Microsoft\jdk-17.0.8.7-hotspot\bin\jli.dll
0x00007ffdef760000 - 0x00007ffdef8fe000 	C:\Windows\System32\USER32.dll
0x00007ffddb560000 - 0x00007ffddb7fa000 	C:\Windows\WinSxS\amd64_microsoft.windows.common-controls_6595b64144ccf1df_6.0.19041.3636_none_60b6a03d71f818d5\COMCTL32.dll
0x00007ffdee3b0000 - 0x00007ffdee3d2000 	C:\Windows\System32\win32u.dll
0x00007ffdef5e0000 - 0x00007ffdef67e000 	C:\Windows\System32\msvcrt.dll
0x00007ffdef390000 - 0x00007ffdef3bc000 	C:\Windows\System32\GDI32.dll
0x00007ffdee3e0000 - 0x00007ffdee4fa000 	C:\Windows\System32\gdi32full.dll
0x00007ffdee790000 - 0x00007ffdee82d000 	C:\Windows\System32\msvcp_win.dll
0x00007ffdefd00000 - 0x00007ffdefd30000 	C:\Windows\System32\IMM32.DLL
0x00007ffdd8580000 - 0x00007ffdd858c000 	C:\Program Files\Microsoft\jdk-17.0.8.7-hotspot\bin\vcruntime140_1.dll
0x00007ffdb46e0000 - 0x00007ffdb476d000 	C:\Program Files\Microsoft\jdk-17.0.8.7-hotspot\bin\msvcp140.dll
0x00007ffd93030000 - 0x00007ffd93c95000 	C:\Program Files\Microsoft\jdk-17.0.8.7-hotspot\bin\server\jvm.dll
0x00007ffdef1a0000 - 0x00007ffdef24f000 	C:\Windows\System32\ADVAPI32.dll
0x00007ffdef540000 - 0x00007ffdef5dc000 	C:\Windows\System32\sechost.dll
0x00007ffdef250000 - 0x00007ffdef376000 	C:\Windows\System32\RPCRT4.dll
0x00007ffded920000 - 0x00007ffded96b000 	C:\Windows\SYSTEM32\POWRPROF.dll
0x00007ffdd39d0000 - 0x00007ffdd39d9000 	C:\Windows\SYSTEM32\WSOCK32.dll
0x00007ffdf0b50000 - 0x00007ffdf0bbb000 	C:\Windows\System32\WS2_32.dll
0x00007ffddb800000 - 0x00007ffddb827000 	C:\Windows\SYSTEM32\WINMM.dll
0x00007ffddf5e0000 - 0x00007ffddf5ea000 	C:\Windows\SYSTEM32\VERSION.dll
0x00007ffded790000 - 0x00007ffded7a2000 	C:\Windows\SYSTEM32\UMPDC.dll
0x00007ffdec230000 - 0x00007ffdec242000 	C:\Windows\SYSTEM32\kernel.appcore.dll
0x00007ffdd39c0000 - 0x00007ffdd39ca000 	C:\Program Files\Microsoft\jdk-17.0.8.7-hotspot\bin\jimage.dll
0x00007ffddf960000 - 0x00007ffddfb44000 	C:\Windows\SYSTEM32\DBGHELP.DLL
0x00007ffddf920000 - 0x00007ffddf954000 	C:\Windows\SYSTEM32\dbgcore.DLL
0x00007ffdeeba0000 - 0x00007ffdeec22000 	C:\Windows\System32\bcryptPrimitives.dll
0x00007ffdc8580000 - 0x00007ffdc858e000 	C:\Program Files\Microsoft\jdk-17.0.8.7-hotspot\bin\instrument.dll
0x00007ffdd3990000 - 0x00007ffdd39b5000 	C:\Program Files\Microsoft\jdk-17.0.8.7-hotspot\bin\java.dll
0x00007ffdb29a0000 - 0x00007ffdb2a77000 	C:\Program Files\Microsoft\jdk-17.0.8.7-hotspot\bin\jsvml.dll
0x00007ffdefe50000 - 0x00007ffdf0595000 	C:\Windows\System32\SHELL32.dll
0x00007ffdec430000 - 0x00007ffdecbcb000 	C:\Windows\SYSTEM32\windows.storage.dll
0x00007ffdef9a0000 - 0x00007ffdefcf4000 	C:\Windows\System32\combase.dll
0x00007ffdedd10000 - 0x00007ffdedd3d000 	C:\Windows\SYSTEM32\Wldp.dll
0x00007ffdef430000 - 0x00007ffdef4dd000 	C:\Windows\System32\SHCORE.dll
0x00007ffdf0940000 - 0x00007ffdf0995000 	C:\Windows\System32\shlwapi.dll
0x00007ffdee2e0000 - 0x00007ffdee305000 	C:\Windows\SYSTEM32\profapi.dll
0x00007ffdcb100000 - 0x00007ffdcb118000 	C:\Program Files\Microsoft\jdk-17.0.8.7-hotspot\bin\zip.dll
0x00007ffdd1820000 - 0x00007ffdd1839000 	C:\Program Files\Microsoft\jdk-17.0.8.7-hotspot\bin\net.dll
0x00007ffde2500000 - 0x00007ffde260a000 	C:\Windows\SYSTEM32\WINHTTP.dll
0x00007ffdedaf0000 - 0x00007ffdedb5a000 	C:\Windows\system32\mswsock.dll
0x00007ffdcb120000 - 0x00007ffdcb136000 	C:\Program Files\Microsoft\jdk-17.0.8.7-hotspot\bin\nio.dll
0x00007ffdcb0f0000 - 0x00007ffdcb100000 	C:\Program Files\Microsoft\jdk-17.0.8.7-hotspot\bin\verify.dll
0x00007ffdbe7c0000 - 0x00007ffdbe7e7000 	C:\Users\Hassan Shah\.gradle\native\68d5fa5c4cc2d200863cafc0d521ce42e7d3e7ee720ec0a83991735586a16f82\windows-amd64\native-platform.dll
0x00007ffdb19a0000 - 0x00007ffdb1ae4000 	C:\Users\Hassan Shah\.gradle\native\e376f236ea51e6404a007f0833ffe2c6e607c4080706a723a18a27aeea778392\windows-amd64\native-platform-file-events.dll
0x00007ffdc91f0000 - 0x00007ffdc91f9000 	C:\Program Files\Microsoft\jdk-17.0.8.7-hotspot\bin\management.dll
0x00007ffdc91e0000 - 0x00007ffdc91eb000 	C:\Program Files\Microsoft\jdk-17.0.8.7-hotspot\bin\management_ext.dll
0x00007ffdef900000 - 0x00007ffdef908000 	C:\Windows\System32\PSAPI.DLL
0x00007ffdee070000 - 0x00007ffdee088000 	C:\Windows\SYSTEM32\CRYPTSP.dll
0x00007ffded3d0000 - 0x00007ffded404000 	C:\Windows\system32\rsaenh.dll
0x00007ffdee500000 - 0x00007ffdee527000 	C:\Windows\System32\bcrypt.dll
0x00007ffdee260000 - 0x00007ffdee28e000 	C:\Windows\SYSTEM32\USERENV.dll
0x00007ffdedc80000 - 0x00007ffdedc8c000 	C:\Windows\SYSTEM32\CRYPTBASE.dll
0x00007ffded7b0000 - 0x00007ffded7eb000 	C:\Windows\SYSTEM32\IPHLPAPI.DLL
0x00007ffdef380000 - 0x00007ffdef388000 	C:\Windows\System32\NSI.dll
0x00007ffde0be0000 - 0x00007ffde0bf7000 	C:\Windows\SYSTEM32\dhcpcsvc6.DLL
0x00007ffde0bc0000 - 0x00007ffde0bdd000 	C:\Windows\SYSTEM32\dhcpcsvc.DLL
0x00007ffded800000 - 0x00007ffded8ca000 	C:\Windows\SYSTEM32\DNSAPI.dll
0x00007ffde13a0000 - 0x00007ffde13ae000 	C:\Program Files\Microsoft\jdk-17.0.8.7-hotspot\bin\sunmscapi.dll
0x00007ffdee530000 - 0x00007ffdee68d000 	C:\Windows\System32\CRYPT32.dll
0x00007ffdedd80000 - 0x00007ffdedda7000 	C:\Windows\SYSTEM32\ncrypt.dll
0x00007ffdedd40000 - 0x00007ffdedd7b000 	C:\Windows\SYSTEM32\NTASN1.dll
0x00007ffdcfd80000 - 0x00007ffdcfd87000 	C:\Windows\system32\wshunix.dll
0x00007ffde0180000 - 0x00007ffde018a000 	C:\Windows\System32\rasadhlp.dll
0x00007ffde1a40000 - 0x00007ffde1ac0000 	C:\Windows\System32\fwpuclnt.dll
0x00007ffdb6ae0000 - 0x00007ffdb6af7000 	C:\Windows\system32\napinsp.dll
0x00007ffdb6b00000 - 0x00007ffdb6b1b000 	C:\Windows\system32\pnrpnsp.dll
0x00007ffde27e0000 - 0x00007ffde27f5000 	C:\Windows\system32\wshbth.dll
0x00007ffde12a0000 - 0x00007ffde12bd000 	C:\Windows\system32\NLAapi.dll
0x00007ffdbe800000 - 0x00007ffdbe812000 	C:\Windows\System32\winrnr.dll

dbghelp: loaded successfully - version: 4.0.5 - missing functions: none
symbol engine: initialized successfully - sym options: 0x614 - pdb path: .;C:\Program Files\Microsoft\jdk-17.0.8.7-hotspot\bin;C:\Windows\SYSTEM32;C:\Windows\WinSxS\amd64_microsoft.windows.common-controls_6595b64144ccf1df_6.0.19041.3636_none_60b6a03d71f818d5;C:\Program Files\Microsoft\jdk-17.0.8.7-hotspot\bin\server;C:\Users\Hassan Shah\.gradle\native\68d5fa5c4cc2d200863cafc0d521ce42e7d3e7ee720ec0a83991735586a16f82\windows-amd64;C:\Users\Hassan Shah\.gradle\native\e376f236ea51e6404a007f0833ffe2c6e607c4080706a723a18a27aeea778392\windows-amd64

VM Arguments:
jvm_args: -XX:MaxMetaspaceSize=512m --add-opens=java.base/java.util=ALL-UNNAMED --add-opens=java.base/java.lang=ALL-UNNAMED --add-opens=java.base/java.lang.invoke=ALL-UNNAMED --add-opens=java.prefs/java.util.prefs=ALL-UNNAMED --add-opens=java.base/java.nio.charset=ALL-UNNAMED --add-opens=java.base/java.net=ALL-UNNAMED --add-opens=java.base/java.util.concurrent.atomic=ALL-UNNAMED -Xmx2048m -Dfile.encoding=windows-1252 -Duser.country=US -Duser.language=en -Duser.variant -javaagent:C:\Users\Hassan Shah\.gradle\wrapper\dists\gradle-8.3-all\6en3ugtfdg5xnpx44z4qbwgas\gradle-8.3\lib\agents\gradle-instrumentation-agent-8.3.jar 
java_command: org.gradle.launcher.daemon.bootstrap.GradleDaemon 8.3
java_class_path (initial): C:\Users\Hassan Shah\.gradle\wrapper\dists\gradle-8.3-all\6en3ugtfdg5xnpx44z4qbwgas\gradle-8.3\lib\gradle-launcher-8.3.jar
Launcher Type: SUN_STANDARD

[Global flags]
     intx CICompilerCount                          = 3                                         {product} {ergonomic}
   size_t CompressedClassSpaceSize                 = 436207616                                 {product} {ergonomic}
     uint ConcGCThreads                            = 1                                         {product} {ergonomic}
     uint G1ConcRefinementThreads                  = 4                                         {product} {ergonomic}
   size_t G1HeapRegionSize                         = 1048576                                   {product} {ergonomic}
    uintx GCDrainStackTargetSize                   = 64                                        {product} {ergonomic}
   size_t InitialHeapSize                          = 100663296                                 {product} {ergonomic}
   size_t MarkStackSize                            = 4194304                                   {product} {ergonomic}
   size_t MaxHeapSize                              = 2147483648                                {product} {command line}
   size_t MaxMetaspaceSize                         = 536870912                                 {product} {command line}
   size_t MaxNewSize                               = 1287651328                                {product} {ergonomic}
   size_t MinHeapDeltaBytes                        = 1048576                                   {product} {ergonomic}
   size_t MinHeapSize                              = 8388608                                   {product} {ergonomic}
    uintx NonNMethodCodeHeapSize                   = 5832780                                {pd product} {ergonomic}
    uintx NonProfiledCodeHeapSize                  = 122912730                              {pd product} {ergonomic}
    uintx ProfiledCodeHeapSize                     = 122912730                              {pd product} {ergonomic}
    uintx ReservedCodeCacheSize                    = 251658240                              {pd product} {ergonomic}
     bool SegmentedCodeCache                       = true                                      {product} {ergonomic}
   size_t SoftMaxHeapSize                          = 2147483648                             {manageable} {ergonomic}
     bool UseCompressedClassPointers               = true                           {product lp64_product} {ergonomic}
     bool UseCompressedOops                        = true                           {product lp64_product} {ergonomic}
     bool UseG1GC                                  = true                                      {product} {ergonomic}
     bool UseLargePagesIndividualAllocation        = false                                  {pd product} {ergonomic}

Logging:
Log output configuration:
 #0: stdout all=warning uptime,level,tags
 #1: stderr all=off uptime,level,tags

Environment Variables:
JAVA_HOME=C:\Program Files\Microsoft\jdk-17.0.8.7-hotspot\
CLASSPATH=C:\Users\Hassan Shah\MeinProject\android\\gradle\wrapper\gradle-wrapper.jar
PATH=C:\Users\Hassan Shah\MeinProject\node_modules\.bin;C:\Users\Hassan Shah\MeinProject\node_modules\.bin;C:\Users\Hassan Shah\node_modules\.bin;C:\Users\node_modules\.bin;C:\node_modules\.bin;C:\Program Files\nodejs\node_modules\npm\node_modules\@npmcli\run-script\lib\node-gyp-bin;C:\Users\Hassan Shah\MeinProject\node_modules\.bin;C:\Users\Hassan Shah\MeinProject\node_modules\.bin;C:\Users\Hassan Shah\node_modules\.bin;C:\Users\node_modules\.bin;C:\node_modules\.bin;C:\Program Files\nodejs\node_modules\npm\node_modules\@npmcli\run-script\lib\node-gyp-bin;C:\Program Files\Microsoft\jdk-17.0.8.7-hotspot\bin;C:\Program Files\Microsoft\jdk-11.0.20.8-hotspot\bin;C:\Windows\system32;C:\Windows;C:\Windows\System32\Wbem;C:\Windows\System32\WindowsPowerShell\v1.0\;C:\Windows\System32\OpenSSH\;C:\ProgramData\chocolatey\bin;C:\Program Files\nodejs\;C:\Users\Hassan Shah\AppData\Local\Android\Sdk\platform-tools;C:\Users\Hassan Shah\AppData\Local\Microsoft\WindowsApps;;E:\visual_studio\Microsoft VS Code\bin;C:\Users\Hassan Shah\AppData\Roaming\npm
USERNAME=Hassan Shah
LANG=en_US.UTF-8
OS=Windows_NT
PROCESSOR_IDENTIFIER=Intel64 Family 6 Model 58 Stepping 9, GenuineIntel
TMP=C:\Users\HASSAN~1\AppData\Local\Temp
TEMP=C:\Users\HASSAN~1\AppData\Local\Temp



---------------  S Y S T E M  ---------------

OS:
 Windows 10 , 64 bit Build 19041 (10.0.19041.3636)
OS uptime: 0 days 0:16 hours
Hyper-V role detected

CPU: total 4 (initial active 4) (2 cores per cpu, 2 threads per core) family 6 model 58 stepping 9 microcode 0x21, cx8, cmov, fxsr, ht, mmx, sse, sse2, sse3, ssse3, sse4.1, sse4.2, popcnt, tsc, tscinvbit, avx, aes, erms, clmul, vzeroupper, clflush, hv
Processor Information for all 4 processors :
  Max Mhz: 2901, Current Mhz: 2901, Mhz Limit: 2901

Memory: 4k page, system-wide physical 6017M (1579M free)
TotalPageFile size 9345M (AvailPageFile size 4702M)
current process WorkingSet (physical memory assigned to process): 614M, peak: 620M
current process commit charge ("private bytes"): 653M, peak: 659M

vm_info: OpenJDK 64-Bit Server VM (17.0.8+7-LTS) for windows-amd64 JRE (17.0.8+7-LTS), built on Jul  7 2023 17:21:55 by "MicrosoftCorporation" with MS VC++ 16.10 / 16.11 (VS2019)

END.
